============================================================
Time  2021/08/28 19:12:22 065 
============================================================
[2021/08/28 19:12:22 065] isr        1659 isr loaded!  
[2021/08/28 19:12:22 065] isr        1642 SYS_MSG_REGCB param0 =   msp_status_cb  param1 =   func(c067bc0) 
[2021/08/28 19:12:22 065] isr        1537 ASR_MSG_SSB  
[2021/08/28 19:12:22 065] isr        1066 session_begin() [in], params:   sub = iat, domain = iat, language = zh_cn, accent = mandarin, sample_rate = 16000, result_type = plain, result_encoding = utf8  nil  
[2021/08/28 19:12:22 065] isr        927  vad_set [in]  
[2021/08/28 19:12:22 065] isr        962  vad_enable :  true  
[2021/08/28 19:12:22 065] isr        980  vad_bos :  10000  
[2021/08/28 19:12:22 065] isr        981  vad_eos :  2000  
[2021/08/28 19:12:22 065] isr        886  enable_vad [in]  
[2021/08/28 19:12:22 065] isr        918  vad enabled!  2000  10000  
[2021/08/28 19:12:22 065] isr        921  enable_vad [out]  
[2021/08/28 19:12:22 065] isr        987  vad_set [out] | ret =  0  
[2021/08/28 19:12:22 065] isr        1187 cur_engine_type =   cloud  
[2021/08/28 19:12:22 066] isr        1001 cloud_session_begin  
[2021/08/28 19:12:22 066] isr        1013 unknown  
[2021/08/28 19:12:37 094] isr        1547 ASR_MSG_AUW,   cloud  
[2021/08/28 19:12:37 094] isr        1559 0  4  
[2021/08/28 19:12:37 094] isr        1592 aud end, USER  
[2021/08/28 19:12:37 095] isr        1636 ASR_MSG_GRSLT,   cloud  
[2021/08/28 19:12:37 095] isr        1335 0  nil  2  
[2021/08/28 19:12:37 095] isr        854  [aud] speech end  
[2021/08/28 19:12:37 096] isr        798  3  msc  
[2021/08/28 19:12:37 097] isr        691  cloud_err_cb errorcode =   10118  detail =   MSC:no audio  
[2021/08/28 19:12:37 097] isr        399  error occurred:   cloud  10118  
[2021/08/28 19:12:37 198] isr        1636 ASR_MSG_GRSLT,   cloud  
[2021/08/28 19:12:37 198] isr        1335 10118  nil  2  
[2021/08/28 19:12:37 198] isr        1639 ASR_MSG_SSE,   cloud  
[2021/08/28 19:12:37 198] isr        1356 session_end() [in]  
[2021/08/28 19:12:37 198] isr        1421 cloud_session_end() [in]  
[2021/08/28 19:12:37 199] isr        1488 ns_host=  open.xf-yun.com  
[2021/08/28 19:12:37 199] isr        1498 tick()mod=  13887053  
[2021/08/28 19:12:37 199] isr        1499 tick()=  13887053  
[2021/08/28 19:12:37 199] isr        1501 diff=  14921  
[2021/08/28 19:12:37 199] isr        1514 cloud_session_end() [out]  
[2021/08/28 19:12:37 199] isr        1667 isr unload!  
============================================================
Time  2021/08/28 19:14:21 790 
============================================================
[2021/08/28 19:14:21 790] isr        1659 isr loaded!  
[2021/08/28 19:14:21 790] isr        1642 SYS_MSG_REGCB param0 =   msp_status_cb  param1 =   func(9005dbc0) 
[2021/08/28 19:14:21 790] isr        1537 ASR_MSG_SSB  
[2021/08/28 19:14:21 790] isr        1066 session_begin() [in], params:   sub = iat, domain = iat, language = zh_cn, accent = mandarin, sample_rate = 16000, result_type = plain, result_encoding = utf8  nil  
[2021/08/28 19:14:21 790] isr        927  vad_set [in]  
[2021/08/28 19:14:21 790] isr        962  vad_enable :  true  
[2021/08/28 19:14:21 790] isr        980  vad_bos :  10000  
[2021/08/28 19:14:21 790] isr        981  vad_eos :  2000  
[2021/08/28 19:14:21 790] isr        886  enable_vad [in]  
[2021/08/28 19:14:21 792] isr        918  vad enabled!  2000  10000  
[2021/08/28 19:14:21 792] isr        921  enable_vad [out]  
[2021/08/28 19:14:21 792] isr        987  vad_set [out] | ret =  0  
[2021/08/28 19:14:21 792] isr        1187 cur_engine_type =   cloud  
[2021/08/28 19:14:21 792] isr        1001 cloud_session_begin  
[2021/08/28 19:14:21 792] isr        1013 unknown  
[2021/08/28 19:14:36 812] isr        1547 ASR_MSG_AUW,   cloud  
[2021/08/28 19:14:36 812] isr        1559 0  4  
[2021/08/28 19:14:36 812] isr        1592 aud end, USER  
[2021/08/28 19:14:36 813] isr        1636 ASR_MSG_GRSLT,   cloud  
[2021/08/28 19:14:36 813] isr        1335 0  nil  2  
[2021/08/28 19:14:36 813] isr        854  [aud] speech end  
[2021/08/28 19:14:36 813] isr        798  3  msc  
[2021/08/28 19:14:36 814] isr        691  cloud_err_cb errorcode =   10118  detail =   MSC:no audio  
[2021/08/28 19:14:36 814] isr        399  error occurred:   cloud  10118  
[2021/08/28 19:14:36 914] isr        1636 ASR_MSG_GRSLT,   cloud  
[2021/08/28 19:14:36 914] isr        1335 10118  nil  2  
[2021/08/28 19:14:36 914] isr        1639 ASR_MSG_SSE,   cloud  
[2021/08/28 19:14:36 914] isr        1356 session_end() [in]  
[2021/08/28 19:14:36 914] isr        1421 cloud_session_end() [in]  
[2021/08/28 19:14:36 914] isr        1488 ns_host=  open.xf-yun.com  
[2021/08/28 19:14:36 914] isr        1498 tick()mod=  14006769  
[2021/08/28 19:14:36 914] isr        1499 tick()=  14006769  
[2021/08/28 19:14:36 914] isr        1501 diff=  14882  
[2021/08/28 19:14:36 914] isr        1514 cloud_session_end() [out]  
[2021/08/28 19:14:36 915] isr        1667 isr unload!  
============================================================
Time  2021/08/28 19:16:14 218 
============================================================
[2021/08/28 19:16:14 218] isr        1659 isr loaded!  
[2021/08/28 19:16:14 218] isr        1642 SYS_MSG_REGCB param0 =   msp_status_cb  param1 =   func(1404c300) 
[2021/08/28 19:16:14 218] isr        1537 ASR_MSG_SSB  
[2021/08/28 19:16:14 218] isr        1066 session_begin() [in], params:   sub = iat, domain = iat, language = zh_cn, accent = mandarin, sample_rate = 16000, result_type = plain, result_encoding = utf8  nil  
[2021/08/28 19:16:14 218] isr        927  vad_set [in]  
[2021/08/28 19:16:14 218] isr        962  vad_enable :  true  
[2021/08/28 19:16:14 218] isr        980  vad_bos :  10000  
[2021/08/28 19:16:14 218] isr        981  vad_eos :  2000  
[2021/08/28 19:16:14 218] isr        886  enable_vad [in]  
[2021/08/28 19:16:14 218] isr        918  vad enabled!  2000  10000  
[2021/08/28 19:16:14 218] isr        921  enable_vad [out]  
[2021/08/28 19:16:14 218] isr        987  vad_set [out] | ret =  0  
[2021/08/28 19:16:14 218] isr        1187 cur_engine_type =   cloud  
[2021/08/28 19:16:14 218] isr        1001 cloud_session_begin  
[2021/08/28 19:16:14 218] isr        1013 unknown  
[2021/08/28 19:16:29 243] isr        1547 ASR_MSG_AUW,   cloud  
[2021/08/28 19:16:29 244] isr        1559 0  4  
[2021/08/28 19:16:29 244] isr        1592 aud end, USER  
[2021/08/28 19:16:29 244] isr        854  [aud] speech end  
[2021/08/28 19:16:29 244] isr        798  3  msc  
[2021/08/28 19:16:29 244] isr        1636 ASR_MSG_GRSLT,   cloud  
[2021/08/28 19:16:29 244] isr        1335 0  nil  2  
[2021/08/28 19:16:29 245] isr        691  cloud_err_cb errorcode =   10118  detail =   MSC:no audio  
[2021/08/28 19:16:29 245] isr        399  error occurred:   cloud  10118  
[2021/08/28 19:16:29 346] isr        1636 ASR_MSG_GRSLT,   cloud  
[2021/08/28 19:16:29 346] isr        1335 10118  nil  2  
[2021/08/28 19:16:29 346] isr        1639 ASR_MSG_SSE,   cloud  
[2021/08/28 19:16:29 346] isr        1356 session_end() [in]  
[2021/08/28 19:16:29 346] isr        1421 cloud_session_end() [in]  
[2021/08/28 19:16:29 346] isr        1488 ns_host=  open.xf-yun.com  
[2021/08/28 19:16:29 346] isr        1498 tick()mod=  14119201  
[2021/08/28 19:16:29 346] isr        1499 tick()=  14119201  
[2021/08/28 19:16:29 347] isr        1501 diff=  14867  
[2021/08/28 19:16:29 347] isr        1514 cloud_session_end() [out]  
[2021/08/28 19:16:29 347] isr        1667 isr unload!  
============================================================
Time  2021/08/28 19:19:29 053 
============================================================
[2021/08/28 19:19:29 053] isr        1659 isr loaded!  
[2021/08/28 19:19:29 053] isr        1642 SYS_MSG_REGCB param0 =   msp_status_cb  param1 =   func(8002f950) 
[2021/08/28 19:19:29 053] isr        1537 ASR_MSG_SSB  
[2021/08/28 19:19:29 053] isr        1066 session_begin() [in], params:   sub = iat, domain = iat, language = zh_cn, accent = mandarin, sample_rate = 16000, result_type = plain, result_encoding = utf8  nil  
[2021/08/28 19:19:29 053] isr        927  vad_set [in]  
[2021/08/28 19:19:29 053] isr        962  vad_enable :  true  
[2021/08/28 19:19:29 053] isr        980  vad_bos :  10000  
[2021/08/28 19:19:29 053] isr        981  vad_eos :  2000  
[2021/08/28 19:19:29 053] isr        886  enable_vad [in]  
[2021/08/28 19:19:29 054] isr        918  vad enabled!  2000  10000  
[2021/08/28 19:19:29 054] isr        921  enable_vad [out]  
[2021/08/28 19:19:29 054] isr        987  vad_set [out] | ret =  0  
[2021/08/28 19:19:29 054] isr        1187 cur_engine_type =   cloud  
[2021/08/28 19:19:29 054] isr        1001 cloud_session_begin  
[2021/08/28 19:19:29 054] isr        1013 unknown  
[2021/08/28 19:19:44 089] isr        1547 ASR_MSG_AUW,   cloud  
[2021/08/28 19:19:44 089] isr        1559 0  4  
[2021/08/28 19:19:44 089] isr        1592 aud end, USER  
[2021/08/28 19:19:44 089] isr        1636 ASR_MSG_GRSLT,   cloud  
[2021/08/28 19:19:44 089] isr        1335 0  nil  2  
[2021/08/28 19:19:44 090] isr        854  [aud] speech end  
[2021/08/28 19:19:44 090] isr        798  3  msc  
[2021/08/28 19:19:44 090] isr        691  cloud_err_cb errorcode =   10118  detail =   MSC:no audio  
[2021/08/28 19:19:44 090] isr        399  error occurred:   cloud  10118  
[2021/08/28 19:19:44 191] isr        1636 ASR_MSG_GRSLT,   cloud  
[2021/08/28 19:19:44 192] isr        1335 10118  nil  2  
[2021/08/28 19:19:44 192] isr        1639 ASR_MSG_SSE,   cloud  
[2021/08/28 19:19:44 192] isr        1356 session_end() [in]  
[2021/08/28 19:19:44 192] isr        1421 cloud_session_end() [in]  
[2021/08/28 19:19:44 192] isr        1488 ns_host=  open.xf-yun.com  
[2021/08/28 19:19:44 192] isr        1498 tick()mod=  14314047  
[2021/08/28 19:19:44 192] isr        1499 tick()=  14314047  
[2021/08/28 19:19:44 192] isr        1501 diff=  14898  
[2021/08/28 19:19:44 192] isr        1514 cloud_session_end() [out]  
[2021/08/28 19:19:44 193] isr        1667 isr unload!  
============================================================
Time  2021/08/28 19:34:43 904 
============================================================
[2021/08/28 19:34:43 904] isr        1659 isr loaded!  
[2021/08/28 19:34:43 904] isr        1642 SYS_MSG_REGCB param0 =   msp_status_cb  param1 =   func(e8067bc0) 
[2021/08/28 19:34:43 905] isr        1537 ASR_MSG_SSB  
[2021/08/28 19:34:43 905] isr        1066 session_begin() [in], params:   sub = iat, domain = iat, language = zh_cn, accent = mandarin, sample_rate = 16000, result_type = plain, result_encoding = utf8  nil  
[2021/08/28 19:34:43 905] isr        927  vad_set [in]  
[2021/08/28 19:34:43 905] isr        962  vad_enable :  true  
[2021/08/28 19:34:43 905] isr        980  vad_bos :  10000  
[2021/08/28 19:34:43 905] isr        981  vad_eos :  2000  
[2021/08/28 19:34:43 905] isr        886  enable_vad [in]  
[2021/08/28 19:34:43 907] isr        918  vad enabled!  2000  10000  
[2021/08/28 19:34:43 907] isr        921  enable_vad [out]  
[2021/08/28 19:34:43 907] isr        987  vad_set [out] | ret =  0  
[2021/08/28 19:34:43 907] isr        1187 cur_engine_type =   cloud  
[2021/08/28 19:34:43 907] isr        1001 cloud_session_begin  
[2021/08/28 19:34:43 907] isr        1013 unknown  
[2021/08/28 19:34:58 951] isr        1547 ASR_MSG_AUW,   cloud  
[2021/08/28 19:34:58 951] isr        1559 0  4  
[2021/08/28 19:34:58 952] isr        1592 aud end, USER  
[2021/08/28 19:34:58 952] isr        854  [aud] speech end  
[2021/08/28 19:34:58 952] isr        798  3  msc  
[2021/08/28 19:34:58 952] isr        1636 ASR_MSG_GRSLT,   cloud  
[2021/08/28 19:34:58 952] isr        1335 0  nil  2  
[2021/08/28 19:34:58 953] isr        691  cloud_err_cb errorcode =   10118  detail =   MSC:no audio  
[2021/08/28 19:34:58 953] isr        399  error occurred:   cloud  10118  
[2021/08/28 19:34:59 056] isr        1636 ASR_MSG_GRSLT,   cloud  
[2021/08/28 19:34:59 056] isr        1335 10118  nil  2  
[2021/08/28 19:34:59 056] isr        1639 ASR_MSG_SSE,   cloud  
[2021/08/28 19:34:59 056] isr        1356 session_end() [in]  
[2021/08/28 19:34:59 056] isr        1421 cloud_session_end() [in]  
[2021/08/28 19:34:59 057] isr        1488 ns_host=  open.xf-yun.com  
[2021/08/28 19:34:59 057] isr        1498 tick()mod=  218163  
[2021/08/28 19:34:59 057] isr        1499 tick()=  218163  
[2021/08/28 19:34:59 057] isr        1501 diff=  13742  
[2021/08/28 19:34:59 057] isr        1514 cloud_session_end() [out]  
[2021/08/28 19:34:59 057] isr        1667 isr unload!  
============================================================
Time  2021/08/28 19:36:02 244 
============================================================
[2021/08/28 19:36:02 244] isr        1659 isr loaded!  
[2021/08/28 19:36:02 244] isr        1642 SYS_MSG_REGCB param0 =   msp_status_cb  param1 =   func(a402f960) 
[2021/08/28 19:36:02 244] isr        1537 ASR_MSG_SSB  
[2021/08/28 19:36:02 244] isr        1066 session_begin() [in], params:   sub = iat, domain = iat, language = zh_cn, accent = mandarin, sample_rate = 16000, result_type = plain, result_encoding = utf8  nil  
[2021/08/28 19:36:02 244] isr        927  vad_set [in]  
[2021/08/28 19:36:02 244] isr        962  vad_enable :  true  
[2021/08/28 19:36:02 244] isr        980  vad_bos :  10000  
[2021/08/28 19:36:02 244] isr        981  vad_eos :  2000  
[2021/08/28 19:36:02 244] isr        886  enable_vad [in]  
[2021/08/28 19:36:02 244] isr        918  vad enabled!  2000  10000  
[2021/08/28 19:36:02 244] isr        921  enable_vad [out]  
[2021/08/28 19:36:02 244] isr        987  vad_set [out] | ret =  0  
[2021/08/28 19:36:02 244] isr        1187 cur_engine_type =   cloud  
[2021/08/28 19:36:02 244] isr        1001 cloud_session_begin  
[2021/08/28 19:36:02 244] isr        1013 unknown  
[2021/08/28 19:36:02 245] isr        1547 ASR_MSG_AUW,   cloud  
[2021/08/28 19:36:02 245] isr        1559 6400  1  
[2021/08/28 19:36:02 245] isr        1569 once_bytes:   6400  
[2021/08/28 19:36:02 246] isr        1547 ASR_MSG_AUW,   cloud  
[2021/08/28 19:36:02 246] isr        1559 6400  2  
[2021/08/28 19:36:02 248] isr        1547 ASR_MSG_AUW,   cloud  
[2021/08/28 19:36:02 248] isr        1559 6400  2  
[2021/08/28 19:36:02 250] isr        851  [aud] speech start  
[2021/08/28 19:36:02 250] isr        798  1  msc  
[2021/08/28 19:36:02 252] isr        1547 ASR_MSG_AUW,   cloud  
[2021/08/28 19:36:02 252] isr        1559 6400  2  
[2021/08/28 19:36:02 253] isr        1547 ASR_MSG_AUW,   cloud  
[2021/08/28 19:36:02 253] isr        1559 6400  2  
[2021/08/28 19:36:02 253] isr        1547 ASR_MSG_AUW,   cloud  
[2021/08/28 19:36:02 253] isr        1559 6400  2  
[2021/08/28 19:36:02 254] isr        1547 ASR_MSG_AUW,   cloud  
[2021/08/28 19:36:02 254] isr        1559 6400  2  
[2021/08/28 19:36:02 254] isr        1547 ASR_MSG_AUW,   cloud  
[2021/08/28 19:36:02 254] isr        1559 6400  2  
[2021/08/28 19:36:02 255] isr        1547 ASR_MSG_AUW,   cloud  
[2021/08/28 19:36:02 255] isr        1559 6400  2  
[2021/08/28 19:36:02 255] isr        1547 ASR_MSG_AUW,   cloud  
[2021/08/28 19:36:02 255] isr        1559 6400  2  
[2021/08/28 19:36:02 257] isr        1547 ASR_MSG_AUW,   cloud  
[2021/08/28 19:36:02 257] isr        1559 6400  2  
[2021/08/28 19:36:02 258] isr        1547 ASR_MSG_AUW,   cloud  
[2021/08/28 19:36:02 258] isr        1559 6400  2  
[2021/08/28 19:36:02 259] isr        1547 ASR_MSG_AUW,   cloud  
[2021/08/28 19:36:02 260] isr        1559 6400  2  
[2021/08/28 19:36:02 260] isr        1547 ASR_MSG_AUW,   cloud  
[2021/08/28 19:36:02 261] isr        1559 6400  2  
[2021/08/28 19:36:02 261] isr        1547 ASR_MSG_AUW,   cloud  
[2021/08/28 19:36:02 262] isr        1559 6400  2  
[2021/08/28 19:36:02 263] isr        1547 ASR_MSG_AUW,   cloud  
[2021/08/28 19:36:02 263] isr        1559 6400  2  
[2021/08/28 19:36:02 264] isr        1547 ASR_MSG_AUW,   cloud  
[2021/08/28 19:36:02 264] isr        1559 6400  2  
[2021/08/28 19:36:02 267] isr        1547 ASR_MSG_AUW,   cloud  
[2021/08/28 19:36:02 267] isr        1559 6400  2  
[2021/08/28 19:36:02 268] isr        1547 ASR_MSG_AUW,   cloud  
[2021/08/28 19:36:02 268] isr        1559 6400  2  
[2021/08/28 19:36:02 268] isr        1547 ASR_MSG_AUW,   cloud  
[2021/08/28 19:36:02 268] isr        1559 6400  2  
[2021/08/28 19:36:02 269] isr        1547 ASR_MSG_AUW,   cloud  
[2021/08/28 19:36:02 269] isr        1559 6400  2  
[2021/08/28 19:36:02 269] isr        1547 ASR_MSG_AUW,   cloud  
[2021/08/28 19:36:02 269] isr        1559 6400  2  
[2021/08/28 19:36:02 270] isr        1547 ASR_MSG_AUW,   cloud  
[2021/08/28 19:36:02 270] isr        1559 7420  2  
[2021/08/28 19:36:02 270] isr        1547 ASR_MSG_AUW,   cloud  
[2021/08/28 19:36:02 270] isr        1559 0  4  
[2021/08/28 19:36:02 270] isr        1592 aud end, USER  
[2021/08/28 19:36:02 271] isr        1636 ASR_MSG_GRSLT,   cloud  
[2021/08/28 19:36:02 271] isr        1335 0  nil  2  
[2021/08/28 19:36:02 274] isr        854  [aud] speech end  
[2021/08/28 19:36:02 274] isr        798  3  msc  
[2021/08/28 19:36:02 303] isr        707  cloud_status_cb, start local.  
[2021/08/28 19:36:02 374] isr        1636 ASR_MSG_GRSLT,   cloud  
[2021/08/28 19:36:02 374] isr        1335 0  nil  2  
[2021/08/28 19:36:02 481] isr        1636 ASR_MSG_GRSLT,   cloud  
[2021/08/28 19:36:02 481] isr        1335 0  nil  2  
[2021/08/28 19:36:02 587] isr        1636 ASR_MSG_GRSLT,   cloud  
[2021/08/28 19:36:02 587] isr        1335 0  nil  2  
[2021/08/28 19:36:02 695] isr        1636 ASR_MSG_GRSLT,   cloud  
[2021/08/28 19:36:02 695] isr        1335 0  nil  2  
[2021/08/28 19:36:02 803] isr        1636 ASR_MSG_GRSLT,   cloud  
[2021/08/28 19:36:02 803] isr        1335 0  nil  2  
[2021/08/28 19:36:02 909] isr        1636 ASR_MSG_GRSLT,   cloud  
[2021/08/28 19:36:02 909] isr        1335 0  nil  2  
[2021/08/28 19:36:03 016] isr        1636 ASR_MSG_GRSLT,   cloud  
[2021/08/28 19:36:03 016] isr        1335 0  nil  2  
[2021/08/28 19:36:03 124] isr        1636 ASR_MSG_GRSLT,   cloud  
[2021/08/28 19:36:03 124] isr        1335 0  nil  2  
[2021/08/28 19:36:03 230] isr        1636 ASR_MSG_GRSLT,   cloud  
[2021/08/28 19:36:03 230] isr        1335 0  nil  2  
[2021/08/28 19:36:03 336] isr        1636 ASR_MSG_GRSLT,   cloud  
[2021/08/28 19:36:03 336] isr        1335 0  nil  2  
[2021/08/28 19:36:03 441] isr        1636 ASR_MSG_GRSLT,   cloud  
[2021/08/28 19:36:03 441] isr        1335 0  nil  2  
[2021/08/28 19:36:03 549] isr        1636 ASR_MSG_GRSLT,   cloud  
[2021/08/28 19:36:03 549] isr        1335 0  nil  2  
[2021/08/28 19:36:03 660] isr        1636 ASR_MSG_GRSLT,   cloud  
[2021/08/28 19:36:03 660] isr        1335 0  nil  2  
[2021/08/28 19:36:03 769] isr        1636 ASR_MSG_GRSLT,   cloud  
[2021/08/28 19:36:03 769] isr        1335 0  nil  2  
[2021/08/28 19:36:03 878] isr        1636 ASR_MSG_GRSLT,   cloud  
[2021/08/28 19:36:03 878] isr        1335 0  nil  2  
[2021/08/28 19:36:03 980] isr        1636 ASR_MSG_GRSLT,   cloud  
[2021/08/28 19:36:03 980] isr        1335 0  nil  2  
[2021/08/28 19:36:04 083] isr        1636 ASR_MSG_GRSLT,   cloud  
[2021/08/28 19:36:04 083] isr        1335 0  nil  2  
[2021/08/28 19:36:04 187] isr        1636 ASR_MSG_GRSLT,   cloud  
[2021/08/28 19:36:04 187] isr        1335 0  nil  2  
[2021/08/28 19:36:04 289] isr        1636 ASR_MSG_GRSLT,   cloud  
[2021/08/28 19:36:04 289] isr        1335 0  nil  2  
[2021/08/28 19:36:04 392] isr        1636 ASR_MSG_GRSLT,   cloud  
[2021/08/28 19:36:04 392] isr        1335 0  nil  2  
[2021/08/28 19:36:04 429] isr        700  cloud_status_cb, eps:  3  
[2021/08/28 19:36:04 429] isr        798  3  cloud  
[2021/08/28 19:36:04 429] isr        800  already speech end  
[2021/08/28 19:36:04 430] isr        662  cloud_rslt_cb status =   5  
[2021/08/28 19:36:04 430] isr        641  process_result call:  cloud  udata(a002b148) 5  nil  
[2021/08/28 19:36:04 430] isr        798  3  msc  
[2021/08/28 19:36:04 430] isr        800  already speech end  
[2021/08/28 19:36:04 494] isr        1636 ASR_MSG_GRSLT,   cloud  
[2021/08/28 19:36:04 494] isr        1335 0  udata(a002b148) 5  
[2021/08/28 19:36:04 597] isr        1639 ASR_MSG_SSE,   cloud  
[2021/08/28 19:36:04 597] isr        1356 session_end() [in]  
[2021/08/28 19:36:04 597] isr        1421 cloud_session_end() [in]  
[2021/08/28 19:36:04 598] isr        1488 ns_host=  open.xf-yun.com  
[2021/08/28 19:36:04 598] isr        1498 tick()mod=  283704  
[2021/08/28 19:36:04 598] isr        1499 tick()=  283704  
[2021/08/28 19:36:04 598] isr        1501 diff=  1151  
[2021/08/28 19:36:04 598] isr        1514 cloud_session_end() [out]  
[2021/08/28 19:36:04 598] isr        1667 isr unload!  
============================================================
Time  2021/08/28 19:49:18 181 
============================================================
[2021/08/28 19:49:18 181] isr        1659 isr loaded!  
[2021/08/28 19:49:18 182] isr        1642 SYS_MSG_REGCB param0 =   msp_status_cb  param1 =   func(e402f950) 
[2021/08/28 19:49:18 182] isr        1537 ASR_MSG_SSB  
[2021/08/28 19:49:18 182] isr        1066 session_begin() [in], params:   sub = iat, domain = iat, language = zh_cn, accent = mandarin, sample_rate = 16000, result_type = plain, result_encoding = utf8  nil  
[2021/08/28 19:49:18 182] isr        927  vad_set [in]  
[2021/08/28 19:49:18 182] isr        962  vad_enable :  true  
[2021/08/28 19:49:18 182] isr        980  vad_bos :  10000  
[2021/08/28 19:49:18 182] isr        981  vad_eos :  2000  
[2021/08/28 19:49:18 182] isr        886  enable_vad [in]  
[2021/08/28 19:49:18 182] isr        918  vad enabled!  2000  10000  
[2021/08/28 19:49:18 182] isr        921  enable_vad [out]  
[2021/08/28 19:49:18 182] isr        987  vad_set [out] | ret =  0  
[2021/08/28 19:49:18 182] isr        1187 cur_engine_type =   cloud  
[2021/08/28 19:49:18 182] isr        1001 cloud_session_begin  
[2021/08/28 19:49:18 182] isr        1013 unknown  
[2021/08/28 19:49:33 217] isr        1547 ASR_MSG_AUW,   cloud  
[2021/08/28 19:49:33 217] isr        1559 0  4  
[2021/08/28 19:49:33 217] isr        1592 aud end, USER  
[2021/08/28 19:49:33 217] isr        1636 ASR_MSG_GRSLT,   cloud  
[2021/08/28 19:49:33 218] isr        1335 0  nil  2  
[2021/08/28 19:49:33 218] isr        854  [aud] speech end  
[2021/08/28 19:49:33 218] isr        798  3  msc  
[2021/08/28 19:49:33 218] isr        691  cloud_err_cb errorcode =   10118  detail =   MSC:no audio  
[2021/08/28 19:49:33 218] isr        399  error occurred:   cloud  10118  
[2021/08/28 19:49:33 322] isr        1636 ASR_MSG_GRSLT,   cloud  
[2021/08/28 19:49:33 322] isr        1335 10118  nil  2  
[2021/08/28 19:49:33 322] isr        1639 ASR_MSG_SSE,   cloud  
[2021/08/28 19:49:33 322] isr        1356 session_end() [in]  
[2021/08/28 19:49:33 322] isr        1421 cloud_session_end() [in]  
[2021/08/28 19:49:33 323] isr        1488 ns_host=  open.xf-yun.com  
[2021/08/28 19:49:33 323] isr        1498 tick()mod=  1091937  
[2021/08/28 19:49:33 323] isr        1499 tick()=  1091937  
[2021/08/28 19:49:33 323] isr        1501 diff=  14816  
[2021/08/28 19:49:33 323] isr        1514 cloud_session_end() [out]  
[2021/08/28 19:49:33 323] isr        1667 isr unload!  
============================================================
Time  2021/08/28 19:51:14 049 
============================================================
[2021/08/28 19:51:14 049] isr        1659 isr loaded!  
[2021/08/28 19:51:14 049] isr        1642 SYS_MSG_REGCB param0 =   msp_status_cb  param1 =   func(ec02f950) 
[2021/08/28 19:51:14 049] isr        1537 ASR_MSG_SSB  
[2021/08/28 19:51:14 049] isr        1066 session_begin() [in], params:   sub = iat, domain = iat, language = zh_cn, accent = mandarin, sample_rate = 16000, result_type = plain, result_encoding = utf8  nil  
[2021/08/28 19:51:14 049] isr        927  vad_set [in]  
[2021/08/28 19:51:14 049] isr        962  vad_enable :  true  
[2021/08/28 19:51:14 049] isr        980  vad_bos :  10000  
[2021/08/28 19:51:14 049] isr        981  vad_eos :  2000  
[2021/08/28 19:51:14 049] isr        886  enable_vad [in]  
[2021/08/28 19:51:14 049] isr        918  vad enabled!  2000  10000  
[2021/08/28 19:51:14 049] isr        921  enable_vad [out]  
[2021/08/28 19:51:14 049] isr        987  vad_set [out] | ret =  0  
[2021/08/28 19:51:14 049] isr        1187 cur_engine_type =   cloud  
[2021/08/28 19:51:14 049] isr        1001 cloud_session_begin  
[2021/08/28 19:51:14 049] isr        1013 unknown  
[2021/08/28 19:51:14 279] isr        1547 ASR_MSG_AUW,   cloud  
[2021/08/28 19:51:14 279] isr        1559 3200  1  
[2021/08/28 19:51:14 279] isr        1569 once_bytes:   3200  
[2021/08/28 19:51:14 279] isr        851  [aud] speech start  
[2021/08/28 19:51:14 279] isr        798  1  msc  
[2021/08/28 19:51:14 420] isr        1547 ASR_MSG_AUW,   cloud  
[2021/08/28 19:51:14 420] isr        1559 3200  2  
[2021/08/28 19:51:14 529] isr        1547 ASR_MSG_AUW,   cloud  
[2021/08/28 19:51:14 529] isr        1559 3200  2  
[2021/08/28 19:51:14 543] isr        700  cloud_status_cb, eps:  1  
[2021/08/28 19:51:14 543] isr        798  1  cloud  
[2021/08/28 19:51:14 543] isr        813  cloud eps ignored  
[2021/08/28 19:51:14 636] isr        1547 ASR_MSG_AUW,   cloud  
[2021/08/28 19:51:14 636] isr        1559 3200  2  
[2021/08/28 19:51:14 637] isr        1547 ASR_MSG_AUW,   cloud  
[2021/08/28 19:51:14 637] isr        1559 3200  2  
[2021/08/28 19:51:14 748] isr        1547 ASR_MSG_AUW,   cloud  
[2021/08/28 19:51:14 748] isr        1559 3200  2  
[2021/08/28 19:51:14 857] isr        1547 ASR_MSG_AUW,   cloud  
[2021/08/28 19:51:14 857] isr        1559 3200  2  
[2021/08/28 19:51:14 968] isr        1547 ASR_MSG_AUW,   cloud  
[2021/08/28 19:51:14 968] isr        1559 3200  2  
[2021/08/28 19:51:15 108] isr        1547 ASR_MSG_AUW,   cloud  
[2021/08/28 19:51:15 108] isr        1559 3200  2  
[2021/08/28 19:51:15 214] isr        1547 ASR_MSG_AUW,   cloud  
[2021/08/28 19:51:15 214] isr        1559 3200  2  
[2021/08/28 19:51:15 323] isr        1547 ASR_MSG_AUW,   cloud  
[2021/08/28 19:51:15 323] isr        1559 3200  2  
[2021/08/28 19:51:15 430] isr        1547 ASR_MSG_AUW,   cloud  
[2021/08/28 19:51:15 430] isr        1559 3200  2  
[2021/08/28 19:51:15 430] isr        1547 ASR_MSG_AUW,   cloud  
[2021/08/28 19:51:15 430] isr        1559 3200  2  
[2021/08/28 19:51:15 551] isr        1547 ASR_MSG_AUW,   cloud  
[2021/08/28 19:51:15 551] isr        1559 3200  2  
[2021/08/28 19:51:15 668] isr        1547 ASR_MSG_AUW,   cloud  
[2021/08/28 19:51:15 668] isr        1559 3200  2  
[2021/08/28 19:51:15 785] isr        1547 ASR_MSG_AUW,   cloud  
[2021/08/28 19:51:15 785] isr        1559 3200  2  
[2021/08/28 19:51:15 884] isr        1547 ASR_MSG_AUW,   cloud  
[2021/08/28 19:51:15 884] isr        1559 3200  2  
[2021/08/28 19:51:16 001] isr        1547 ASR_MSG_AUW,   cloud  
[2021/08/28 19:51:16 001] isr        1559 3200  2  
[2021/08/28 19:51:16 119] isr        1547 ASR_MSG_AUW,   cloud  
[2021/08/28 19:51:16 119] isr        1559 3200  2  
[2021/08/28 19:51:16 240] isr        1547 ASR_MSG_AUW,   cloud  
[2021/08/28 19:51:16 240] isr        1559 3200  2  
[2021/08/28 19:51:16 240] isr        1547 ASR_MSG_AUW,   cloud  
[2021/08/28 19:51:16 240] isr        1559 3200  2  
[2021/08/28 19:51:16 355] isr        1547 ASR_MSG_AUW,   cloud  
[2021/08/28 19:51:16 355] isr        1559 3200  2  
[2021/08/28 19:51:16 468] isr        1547 ASR_MSG_AUW,   cloud  
[2021/08/28 19:51:16 468] isr        1559 3200  2  
[2021/08/28 19:51:16 580] isr        1547 ASR_MSG_AUW,   cloud  
[2021/08/28 19:51:16 580] isr        1559 3200  2  
[2021/08/28 19:51:16 701] isr        1547 ASR_MSG_AUW,   cloud  
[2021/08/28 19:51:16 701] isr        1559 3200  2  
[2021/08/28 19:51:16 814] isr        1547 ASR_MSG_AUW,   cloud  
[2021/08/28 19:51:16 814] isr        1559 3200  2  
[2021/08/28 19:51:16 911] isr        1547 ASR_MSG_AUW,   cloud  
[2021/08/28 19:51:16 911] isr        1559 3200  2  
[2021/08/28 19:51:16 912] isr        1547 ASR_MSG_AUW,   cloud  
[2021/08/28 19:51:16 912] isr        1559 3200  2  
[2021/08/28 19:51:17 049] isr        1547 ASR_MSG_AUW,   cloud  
[2021/08/28 19:51:17 049] isr        1559 3200  2  
[2021/08/28 19:51:17 162] isr        1547 ASR_MSG_AUW,   cloud  
[2021/08/28 19:51:17 162] isr        1559 3200  2  
[2021/08/28 19:51:17 277] isr        1547 ASR_MSG_AUW,   cloud  
[2021/08/28 19:51:17 277] isr        1559 3200  2  
[2021/08/28 19:51:17 396] isr        1547 ASR_MSG_AUW,   cloud  
[2021/08/28 19:51:17 396] isr        1559 3200  2  
[2021/08/28 19:51:17 499] isr        1547 ASR_MSG_AUW,   cloud  
[2021/08/28 19:51:17 499] isr        1559 3200  2  
[2021/08/28 19:51:17 616] isr        1547 ASR_MSG_AUW,   cloud  
[2021/08/28 19:51:17 616] isr        1559 3200  2  
[2021/08/28 19:51:17 732] isr        1547 ASR_MSG_AUW,   cloud  
[2021/08/28 19:51:17 732] isr        1559 3200  2  
[2021/08/28 19:51:17 733] isr        1547 ASR_MSG_AUW,   cloud  
[2021/08/28 19:51:17 733] isr        1559 3200  2  
[2021/08/28 19:51:17 850] isr        1547 ASR_MSG_AUW,   cloud  
[2021/08/28 19:51:17 850] isr        1559 3200  2  
[2021/08/28 19:51:17 943] isr        1547 ASR_MSG_AUW,   cloud  
[2021/08/28 19:51:17 943] isr        1559 3200  2  
[2021/08/28 19:51:18 063] isr        1547 ASR_MSG_AUW,   cloud  
[2021/08/28 19:51:18 063] isr        1559 3200  2  
[2021/08/28 19:51:18 182] isr        1547 ASR_MSG_AUW,   cloud  
[2021/08/28 19:51:18 182] isr        1559 3200  2  
[2021/08/28 19:51:18 303] isr        1547 ASR_MSG_AUW,   cloud  
[2021/08/28 19:51:18 303] isr        1559 3200  2  
[2021/08/28 19:51:18 421] isr        1547 ASR_MSG_AUW,   cloud  
[2021/08/28 19:51:18 421] isr        1559 3200  2  
[2021/08/28 19:51:18 540] isr        1547 ASR_MSG_AUW,   cloud  
[2021/08/28 19:51:18 540] isr        1559 3200  2  
[2021/08/28 19:51:18 540] isr        1547 ASR_MSG_AUW,   cloud  
[2021/08/28 19:51:18 540] isr        1559 3200  2  
[2021/08/28 19:51:18 633] isr        1547 ASR_MSG_AUW,   cloud  
[2021/08/28 19:51:18 633] isr        1559 3200  2  
[2021/08/28 19:51:18 774] isr        1547 ASR_MSG_AUW,   cloud  
[2021/08/28 19:51:18 774] isr        1559 3200  2  
[2021/08/28 19:51:18 869] isr        1547 ASR_MSG_AUW,   cloud  
[2021/08/28 19:51:18 869] isr        1559 3200  2  
[2021/08/28 19:51:18 987] isr        1547 ASR_MSG_AUW,   cloud  
[2021/08/28 19:51:18 987] isr        1559 3200  2  
[2021/08/28 19:51:19 105] isr        1547 ASR_MSG_AUW,   cloud  
[2021/08/28 19:51:19 105] isr        1559 3200  2  
[2021/08/28 19:51:19 222] isr        1547 ASR_MSG_AUW,   cloud  
[2021/08/28 19:51:19 222] isr        1559 3200  2  
[2021/08/28 19:51:19 343] isr        1547 ASR_MSG_AUW,   cloud  
[2021/08/28 19:51:19 343] isr        1559 3200  2  
[2021/08/28 19:51:19 343] isr        1547 ASR_MSG_AUW,   cloud  
[2021/08/28 19:51:19 343] isr        1559 3200  2  
[2021/08/28 19:51:19 460] isr        1547 ASR_MSG_AUW,   cloud  
[2021/08/28 19:51:19 460] isr        1559 3200  2  
[2021/08/28 19:51:19 556] isr        1547 ASR_MSG_AUW,   cloud  
[2021/08/28 19:51:19 556] isr        1559 3200  2  
[2021/08/28 19:51:19 694] isr        1547 ASR_MSG_AUW,   cloud  
[2021/08/28 19:51:19 694] isr        1559 3200  2  
[2021/08/28 19:51:19 794] isr        1547 ASR_MSG_AUW,   cloud  
[2021/08/28 19:51:19 794] isr        1559 3200  2  
[2021/08/28 19:51:19 911] isr        1547 ASR_MSG_AUW,   cloud  
[2021/08/28 19:51:19 911] isr        1559 3200  2  
[2021/08/28 19:51:20 031] isr        1547 ASR_MSG_AUW,   cloud  
[2021/08/28 19:51:20 031] isr        1559 3200  2  
[2021/08/28 19:51:20 031] isr        1547 ASR_MSG_AUW,   cloud  
[2021/08/28 19:51:20 031] isr        1559 3200  2  
[2021/08/28 19:51:20 148] isr        1547 ASR_MSG_AUW,   cloud  
[2021/08/28 19:51:20 148] isr        1559 3200  2  
[2021/08/28 19:51:20 266] isr        1547 ASR_MSG_AUW,   cloud  
[2021/08/28 19:51:20 266] isr        1559 3200  2  
[2021/08/28 19:51:20 385] isr        1547 ASR_MSG_AUW,   cloud  
[2021/08/28 19:51:20 385] isr        1559 3200  2  
[2021/08/28 19:51:20 479] isr        1547 ASR_MSG_AUW,   cloud  
[2021/08/28 19:51:20 479] isr        1559 3200  2  
[2021/08/28 19:51:20 596] isr        1547 ASR_MSG_AUW,   cloud  
[2021/08/28 19:51:20 596] isr        1559 3200  2  
[2021/08/28 19:51:20 714] isr        1547 ASR_MSG_AUW,   cloud  
[2021/08/28 19:51:20 714] isr        1559 3200  2  
[2021/08/28 19:51:20 834] isr        1547 ASR_MSG_AUW,   cloud  
[2021/08/28 19:51:20 834] isr        1559 3200  2  
[2021/08/28 19:51:20 834] isr        1547 ASR_MSG_AUW,   cloud  
[2021/08/28 19:51:20 834] isr        1559 3200  2  
[2021/08/28 19:51:20 952] isr        1547 ASR_MSG_AUW,   cloud  
[2021/08/28 19:51:20 952] isr        1559 3200  2  
[2021/08/28 19:51:21 048] isr        1547 ASR_MSG_AUW,   cloud  
[2021/08/28 19:51:21 048] isr        1559 3200  2  
[2021/08/28 19:51:21 165] isr        1547 ASR_MSG_AUW,   cloud  
[2021/08/28 19:51:21 165] isr        1559 3200  2  
[2021/08/28 19:51:21 284] isr        1547 ASR_MSG_AUW,   cloud  
[2021/08/28 19:51:21 284] isr        1559 3200  2  
[2021/08/28 19:51:21 401] isr        1547 ASR_MSG_AUW,   cloud  
[2021/08/28 19:51:21 401] isr        1559 3200  2  
[2021/08/28 19:51:21 518] isr        1547 ASR_MSG_AUW,   cloud  
[2021/08/28 19:51:21 518] isr        1559 3200  2  
[2021/08/28 19:51:21 640] isr        1547 ASR_MSG_AUW,   cloud  
[2021/08/28 19:51:21 640] isr        1559 3200  2  
[2021/08/28 19:51:21 641] isr        1547 ASR_MSG_AUW,   cloud  
[2021/08/28 19:51:21 641] isr        1559 3200  2  
[2021/08/28 19:51:21 738] isr        1547 ASR_MSG_AUW,   cloud  
[2021/08/28 19:51:21 738] isr        1559 3200  2  
[2021/08/28 19:51:21 858] isr        1547 ASR_MSG_AUW,   cloud  
[2021/08/28 19:51:21 858] isr        1559 3200  2  
[2021/08/28 19:51:21 974] isr        1547 ASR_MSG_AUW,   cloud  
[2021/08/28 19:51:21 974] isr        1559 3200  2  
[2021/08/28 19:51:22 087] isr        1547 ASR_MSG_AUW,   cloud  
[2021/08/28 19:51:22 087] isr        1559 3200  2  
[2021/08/28 19:51:22 203] isr        1547 ASR_MSG_AUW,   cloud  
[2021/08/28 19:51:22 203] isr        1559 3200  2  
[2021/08/28 19:51:22 326] isr        1547 ASR_MSG_AUW,   cloud  
[2021/08/28 19:51:22 326] isr        1559 3200  2  
[2021/08/28 19:51:22 444] isr        1547 ASR_MSG_AUW,   cloud  
[2021/08/28 19:51:22 444] isr        1559 3200  2  
[2021/08/28 19:51:22 445] isr        1547 ASR_MSG_AUW,   cloud  
[2021/08/28 19:51:22 445] isr        1559 3200  2  
[2021/08/28 19:51:22 561] isr        1547 ASR_MSG_AUW,   cloud  
[2021/08/28 19:51:22 561] isr        1559 3200  2  
[2021/08/28 19:51:22 582] isr        662  cloud_rslt_cb status =   0  
[2021/08/28 19:51:22 582] isr        641  process_result call:  cloud  udata(ec056dd8) 0  nil  
[2021/08/28 19:51:22 655] isr        1547 ASR_MSG_AUW,   cloud  
[2021/08/28 19:51:22 655] isr        1559 3200  2  
[2021/08/28 19:51:22 791] isr        1547 ASR_MSG_AUW,   cloud  
[2021/08/28 19:51:22 791] isr        1559 3200  2  
[2021/08/28 19:51:22 791] isr        1636 ASR_MSG_GRSLT,   cloud  
[2021/08/28 19:51:22 791] isr        1335 0  udata(ec056dd8) 0  
[2021/08/28 19:51:22 888] isr        1547 ASR_MSG_AUW,   cloud  
[2021/08/28 19:51:22 888] isr        1559 3200  2  
[2021/08/28 19:51:22 888] isr        1636 ASR_MSG_GRSLT,   cloud  
[2021/08/28 19:51:22 888] isr        1335 0  nil  2  
[2021/08/28 19:51:23 001] isr        1547 ASR_MSG_AUW,   cloud  
[2021/08/28 19:51:23 001] isr        1559 3200  2  
[2021/08/28 19:51:23 117] isr        1547 ASR_MSG_AUW,   cloud  
[2021/08/28 19:51:23 117] isr        1559 3200  2  
[2021/08/28 19:51:23 233] isr        1547 ASR_MSG_AUW,   cloud  
[2021/08/28 19:51:23 233] isr        1559 3200  2  
[2021/08/28 19:51:23 233] isr        1547 ASR_MSG_AUW,   cloud  
[2021/08/28 19:51:23 233] isr        1559 3200  2  
[2021/08/28 19:51:23 349] isr        1547 ASR_MSG_AUW,   cloud  
[2021/08/28 19:51:23 349] isr        1559 3200  2  
[2021/08/28 19:51:23 350] isr        854  [aud] speech end  
[2021/08/28 19:51:23 350] isr        798  3  msc  
[2021/08/28 19:51:23 350] isr        864  aud end, MSC VAD  
[2021/08/28 19:51:23 466] isr        1547 ASR_MSG_AUW,   cloud  
[2021/08/28 19:51:23 466] isr        1559 3200  2  
[2021/08/28 19:51:23 466] isr        1636 ASR_MSG_GRSLT,   cloud  
[2021/08/28 19:51:23 466] isr        1335 0  nil  2  
[2021/08/28 19:51:23 558] isr        700  cloud_status_cb, eps:  3  
[2021/08/28 19:51:23 558] isr        798  3  cloud  
[2021/08/28 19:51:23 559] isr        800  already speech end  
[2021/08/28 19:51:23 559] isr        662  cloud_rslt_cb status =   5  
[2021/08/28 19:51:23 559] isr        641  process_result call:  cloud  udata(ec058018) 5  nil  
[2021/08/28 19:51:23 559] isr        798  3  msc  
[2021/08/28 19:51:23 559] isr        800  already speech end  
[2021/08/28 19:51:23 568] isr        1636 ASR_MSG_GRSLT,   cloud  
[2021/08/28 19:51:23 568] isr        1335 0  udata(ec058018) 5  
[2021/08/28 19:51:23 670] isr        1639 ASR_MSG_SSE,   cloud  
[2021/08/28 19:51:23 670] isr        1356 session_end() [in]  
[2021/08/28 19:51:23 670] isr        1421 cloud_session_end() [in]  
[2021/08/28 19:51:23 670] isr        1488 ns_host=  open.xf-yun.com  
[2021/08/28 19:51:23 670] isr        1498 tick()mod=  1202285  
[2021/08/28 19:51:23 671] isr        1499 tick()=  1202285  
[2021/08/28 19:51:23 671] isr        1501 diff=  9373  
[2021/08/28 19:51:23 671] isr        1514 cloud_session_end() [out]  
[2021/08/28 19:51:23 671] isr        1667 isr unload!  
============================================================
Time  2021/08/28 19:51:36 892 
============================================================
[2021/08/28 19:51:36 892] isr        1659 isr loaded!  
[2021/08/28 19:51:36 892] isr        1642 SYS_MSG_REGCB param0 =   msp_status_cb  param1 =   func(cc02f950) 
[2021/08/28 19:51:36 892] isr        1537 ASR_MSG_SSB  
[2021/08/28 19:51:36 892] isr        1066 session_begin() [in], params:   sub = iat, domain = iat, language = zh_cn, accent = mandarin, sample_rate = 16000, result_type = plain, result_encoding = utf8  nil  
[2021/08/28 19:51:36 892] isr        927  vad_set [in]  
[2021/08/28 19:51:36 892] isr        962  vad_enable :  true  
[2021/08/28 19:51:36 892] isr        980  vad_bos :  10000  
[2021/08/28 19:51:36 892] isr        981  vad_eos :  2000  
[2021/08/28 19:51:36 892] isr        886  enable_vad [in]  
[2021/08/28 19:51:36 893] isr        918  vad enabled!  2000  10000  
[2021/08/28 19:51:36 893] isr        921  enable_vad [out]  
[2021/08/28 19:51:36 893] isr        987  vad_set [out] | ret =  0  
[2021/08/28 19:51:36 893] isr        1187 cur_engine_type =   cloud  
[2021/08/28 19:51:36 893] isr        1001 cloud_session_begin  
[2021/08/28 19:51:36 893] isr        1013 unknown  
[2021/08/28 19:51:37 120] isr        1547 ASR_MSG_AUW,   cloud  
[2021/08/28 19:51:37 121] isr        1559 3200  1  
[2021/08/28 19:51:37 121] isr        1569 once_bytes:   3200  
[2021/08/28 19:51:37 123] isr        851  [aud] speech start  
[2021/08/28 19:51:37 123] isr        798  1  msc  
[2021/08/28 19:51:37 253] isr        1547 ASR_MSG_AUW,   cloud  
[2021/08/28 19:51:37 253] isr        1559 3200  2  
[2021/08/28 19:51:37 329] isr        700  cloud_status_cb, eps:  1  
[2021/08/28 19:51:37 329] isr        798  1  cloud  
[2021/08/28 19:51:37 329] isr        813  cloud eps ignored  
[2021/08/28 19:51:37 359] isr        1547 ASR_MSG_AUW,   cloud  
[2021/08/28 19:51:37 359] isr        1559 3200  2  
[2021/08/28 19:51:37 498] isr        1547 ASR_MSG_AUW,   cloud  
[2021/08/28 19:51:37 498] isr        1559 3200  2  
[2021/08/28 19:51:37 498] isr        1547 ASR_MSG_AUW,   cloud  
[2021/08/28 19:51:37 498] isr        1559 3200  2  
[2021/08/28 19:51:37 604] isr        1547 ASR_MSG_AUW,   cloud  
[2021/08/28 19:51:37 604] isr        1559 3200  2  
[2021/08/28 19:51:37 714] isr        1547 ASR_MSG_AUW,   cloud  
[2021/08/28 19:51:37 714] isr        1559 3200  2  
[2021/08/28 19:51:37 819] isr        1547 ASR_MSG_AUW,   cloud  
[2021/08/28 19:51:37 819] isr        1559 3200  2  
[2021/08/28 19:51:37 928] isr        1547 ASR_MSG_AUW,   cloud  
[2021/08/28 19:51:37 928] isr        1559 3200  2  
[2021/08/28 19:51:38 066] isr        1547 ASR_MSG_AUW,   cloud  
[2021/08/28 19:51:38 066] isr        1559 3200  2  
[2021/08/28 19:51:38 173] isr        1547 ASR_MSG_AUW,   cloud  
[2021/08/28 19:51:38 173] isr        1559 3200  2  
[2021/08/28 19:51:38 279] isr        1547 ASR_MSG_AUW,   cloud  
[2021/08/28 19:51:38 279] isr        1559 3200  2  
[2021/08/28 19:51:38 279] isr        1547 ASR_MSG_AUW,   cloud  
[2021/08/28 19:51:38 280] isr        1559 3200  2  
[2021/08/28 19:51:38 385] isr        1547 ASR_MSG_AUW,   cloud  
[2021/08/28 19:51:38 385] isr        1559 3200  2  
[2021/08/28 19:51:38 503] isr        1547 ASR_MSG_AUW,   cloud  
[2021/08/28 19:51:38 503] isr        1559 3200  2  
[2021/08/28 19:51:38 623] isr        1547 ASR_MSG_AUW,   cloud  
[2021/08/28 19:51:38 623] isr        1559 3200  2  
[2021/08/28 19:51:38 736] isr        1547 ASR_MSG_AUW,   cloud  
[2021/08/28 19:51:38 736] isr        1559 3200  2  
[2021/08/28 19:51:38 855] isr        1547 ASR_MSG_AUW,   cloud  
[2021/08/28 19:51:38 855] isr        1559 3200  2  
[2021/08/28 19:51:38 974] isr        1547 ASR_MSG_AUW,   cloud  
[2021/08/28 19:51:38 975] isr        1559 3200  2  
[2021/08/28 19:51:39 067] isr        1547 ASR_MSG_AUW,   cloud  
[2021/08/28 19:51:39 067] isr        1559 3200  2  
[2021/08/28 19:51:39 067] isr        1547 ASR_MSG_AUW,   cloud  
[2021/08/28 19:51:39 067] isr        1559 3200  2  
[2021/08/28 19:51:39 205] isr        1547 ASR_MSG_AUW,   cloud  
[2021/08/28 19:51:39 205] isr        1559 3200  2  
[2021/08/28 19:51:39 319] isr        1547 ASR_MSG_AUW,   cloud  
[2021/08/28 19:51:39 319] isr        1559 3200  2  
[2021/08/28 19:51:39 433] isr        1547 ASR_MSG_AUW,   cloud  
[2021/08/28 19:51:39 433] isr        1559 3200  2  
[2021/08/28 19:51:39 530] isr        1547 ASR_MSG_AUW,   cloud  
[2021/08/28 19:51:39 530] isr        1559 3200  2  
[2021/08/28 19:51:39 649] isr        1547 ASR_MSG_AUW,   cloud  
[2021/08/28 19:51:39 649] isr        1559 3200  2  
[2021/08/28 19:51:39 767] isr        1547 ASR_MSG_AUW,   cloud  
[2021/08/28 19:51:39 767] isr        1559 3200  2  
[2021/08/28 19:51:39 767] isr        1547 ASR_MSG_AUW,   cloud  
[2021/08/28 19:51:39 767] isr        1559 3200  2  
[2021/08/28 19:51:39 882] isr        1547 ASR_MSG_AUW,   cloud  
[2021/08/28 19:51:39 882] isr        1559 3200  2  
[2021/08/28 19:51:39 999] isr        1547 ASR_MSG_AUW,   cloud  
[2021/08/28 19:51:39 999] isr        1559 3200  2  
[2021/08/28 19:51:40 119] isr        1547 ASR_MSG_AUW,   cloud  
[2021/08/28 19:51:40 119] isr        1559 3200  2  
[2021/08/28 19:51:40 236] isr        1547 ASR_MSG_AUW,   cloud  
[2021/08/28 19:51:40 236] isr        1559 3200  2  
[2021/08/28 19:51:40 351] isr        1547 ASR_MSG_AUW,   cloud  
[2021/08/28 19:51:40 351] isr        1559 3200  2  
[2021/08/28 19:51:40 468] isr        1547 ASR_MSG_AUW,   cloud  
[2021/08/28 19:51:40 468] isr        1559 3200  2  
[2021/08/28 19:51:40 589] isr        1547 ASR_MSG_AUW,   cloud  
[2021/08/28 19:51:40 589] isr        1559 3200  2  
[2021/08/28 19:51:40 589] isr        1547 ASR_MSG_AUW,   cloud  
[2021/08/28 19:51:40 589] isr        1559 3200  2  
[2021/08/28 19:51:40 680] isr        1547 ASR_MSG_AUW,   cloud  
[2021/08/28 19:51:40 680] isr        1559 3200  2  
[2021/08/28 19:51:40 798] isr        1547 ASR_MSG_AUW,   cloud  
[2021/08/28 19:51:40 798] isr        1559 3200  2  
[2021/08/28 19:51:40 913] isr        1547 ASR_MSG_AUW,   cloud  
[2021/08/28 19:51:40 913] isr        1559 3200  2  
[2021/08/28 19:51:41 031] isr        1547 ASR_MSG_AUW,   cloud  
[2021/08/28 19:51:41 031] isr        1559 3200  2  
[2021/08/28 19:51:41 120] isr        662  cloud_rslt_cb status =   0  
[2021/08/28 19:51:41 120] isr        641  process_result call:  cloud  udata(cc0355c8) 0  nil  
[2021/08/28 19:51:41 151] isr        1547 ASR_MSG_AUW,   cloud  
[2021/08/28 19:51:41 151] isr        1559 3200  2  
[2021/08/28 19:51:41 267] isr        1547 ASR_MSG_AUW,   cloud  
[2021/08/28 19:51:41 267] isr        1559 3200  2  
[2021/08/28 19:51:41 267] isr        1636 ASR_MSG_GRSLT,   cloud  
[2021/08/28 19:51:41 267] isr        1335 0  udata(cc0355c8) 0  
[2021/08/28 19:51:41 384] isr        1547 ASR_MSG_AUW,   cloud  
[2021/08/28 19:51:41 384] isr        1559 3200  2  
[2021/08/28 19:51:41 384] isr        1636 ASR_MSG_GRSLT,   cloud  
[2021/08/28 19:51:41 385] isr        1335 0  nil  2  
[2021/08/28 19:51:41 385] isr        1547 ASR_MSG_AUW,   cloud  
[2021/08/28 19:51:41 385] isr        1559 3200  2  
[2021/08/28 19:51:41 478] isr        1547 ASR_MSG_AUW,   cloud  
[2021/08/28 19:51:41 478] isr        1559 3200  2  
[2021/08/28 19:51:41 595] isr        1547 ASR_MSG_AUW,   cloud  
[2021/08/28 19:51:41 595] isr        1559 3200  2  
[2021/08/28 19:51:41 712] isr        1547 ASR_MSG_AUW,   cloud  
[2021/08/28 19:51:41 712] isr        1559 3200  2  
[2021/08/28 19:51:41 830] isr        1547 ASR_MSG_AUW,   cloud  
[2021/08/28 19:51:41 830] isr        1559 3200  2  
[2021/08/28 19:51:41 946] isr        1547 ASR_MSG_AUW,   cloud  
[2021/08/28 19:51:41 946] isr        1559 3200  2  
[2021/08/28 19:51:42 065] isr        1547 ASR_MSG_AUW,   cloud  
[2021/08/28 19:51:42 065] isr        1559 3200  2  
[2021/08/28 19:51:42 065] isr        854  [aud] speech end  
[2021/08/28 19:51:42 065] isr        798  3  msc  
[2021/08/28 19:51:42 065] isr        864  aud end, MSC VAD  
[2021/08/28 19:51:42 182] isr        1547 ASR_MSG_AUW,   cloud  
[2021/08/28 19:51:42 182] isr        1559 3200  2  
[2021/08/28 19:51:42 182] isr        1636 ASR_MSG_GRSLT,   cloud  
[2021/08/28 19:51:42 182] isr        1335 0  nil  2  
[2021/08/28 19:51:42 244] isr        700  cloud_status_cb, eps:  3  
[2021/08/28 19:51:42 244] isr        798  3  cloud  
[2021/08/28 19:51:42 244] isr        800  already speech end  
[2021/08/28 19:51:42 245] isr        662  cloud_rslt_cb status =   5  
[2021/08/28 19:51:42 245] isr        641  process_result call:  cloud  udata(cc056588) 5  nil  
[2021/08/28 19:51:42 245] isr        798  3  msc  
[2021/08/28 19:51:42 245] isr        800  already speech end  
[2021/08/28 19:51:42 286] isr        1636 ASR_MSG_GRSLT,   cloud  
[2021/08/28 19:51:42 286] isr        1335 0  udata(cc056588) 5  
[2021/08/28 19:51:42 390] isr        1639 ASR_MSG_SSE,   cloud  
[2021/08/28 19:51:42 390] isr        1356 session_end() [in]  
[2021/08/28 19:51:42 390] isr        1421 cloud_session_end() [in]  
[2021/08/28 19:51:42 391] isr        1488 ns_host=  open.xf-yun.com  
[2021/08/28 19:51:42 391] isr        1498 tick()mod=  1221005  
[2021/08/28 19:51:42 391] isr        1499 tick()=  1221005  
[2021/08/28 19:51:42 391] isr        1501 diff=  5210  
[2021/08/28 19:51:42 391] isr        1514 cloud_session_end() [out]  
[2021/08/28 19:51:42 391] isr        1667 isr unload!  
============================================================
Time  2021/08/28 19:51:57 818 
============================================================
[2021/08/28 19:51:57 818] isr        1659 isr loaded!  
[2021/08/28 19:51:57 818] isr        1642 SYS_MSG_REGCB param0 =   msp_status_cb  param1 =   func(7c02f950) 
[2021/08/28 19:51:57 818] isr        1537 ASR_MSG_SSB  
[2021/08/28 19:51:57 818] isr        1066 session_begin() [in], params:   sub = iat, domain = iat, language = zh_cn, accent = mandarin, sample_rate = 16000, result_type = plain, result_encoding = utf8  nil  
[2021/08/28 19:51:57 818] isr        927  vad_set [in]  
[2021/08/28 19:51:57 818] isr        962  vad_enable :  true  
[2021/08/28 19:51:57 818] isr        980  vad_bos :  10000  
[2021/08/28 19:51:57 818] isr        981  vad_eos :  2000  
[2021/08/28 19:51:57 818] isr        886  enable_vad [in]  
[2021/08/28 19:51:57 819] isr        918  vad enabled!  2000  10000  
[2021/08/28 19:51:57 819] isr        921  enable_vad [out]  
[2021/08/28 19:51:57 819] isr        987  vad_set [out] | ret =  0  
[2021/08/28 19:51:57 819] isr        1187 cur_engine_type =   cloud  
[2021/08/28 19:51:57 819] isr        1001 cloud_session_begin  
[2021/08/28 19:51:57 819] isr        1013 unknown  
[2021/08/28 19:51:58 047] isr        1547 ASR_MSG_AUW,   cloud  
[2021/08/28 19:51:58 047] isr        1559 3200  1  
[2021/08/28 19:51:58 047] isr        1569 once_bytes:   3200  
[2021/08/28 19:51:58 047] isr        851  [aud] speech start  
[2021/08/28 19:51:58 047] isr        798  1  msc  
[2021/08/28 19:51:58 183] isr        1547 ASR_MSG_AUW,   cloud  
[2021/08/28 19:51:58 183] isr        1559 3200  2  
[2021/08/28 19:51:58 295] isr        1547 ASR_MSG_AUW,   cloud  
[2021/08/28 19:51:58 295] isr        1559 3200  2  
[2021/08/28 19:51:58 327] isr        700  cloud_status_cb, eps:  1  
[2021/08/28 19:51:58 327] isr        798  1  cloud  
[2021/08/28 19:51:58 327] isr        813  cloud eps ignored  
[2021/08/28 19:51:58 406] isr        1547 ASR_MSG_AUW,   cloud  
[2021/08/28 19:51:58 406] isr        1559 3200  2  
[2021/08/28 19:51:58 406] isr        1547 ASR_MSG_AUW,   cloud  
[2021/08/28 19:51:58 406] isr        1559 3200  2  
[2021/08/28 19:51:58 513] isr        1547 ASR_MSG_AUW,   cloud  
[2021/08/28 19:51:58 513] isr        1559 3200  2  
[2021/08/28 19:51:58 649] isr        1547 ASR_MSG_AUW,   cloud  
[2021/08/28 19:51:58 649] isr        1559 3200  2  
[2021/08/28 19:51:58 755] isr        1547 ASR_MSG_AUW,   cloud  
[2021/08/28 19:51:58 755] isr        1559 3200  2  
[2021/08/28 19:51:58 862] isr        1547 ASR_MSG_AUW,   cloud  
[2021/08/28 19:51:58 863] isr        1559 3200  2  
[2021/08/28 19:51:58 971] isr        1547 ASR_MSG_AUW,   cloud  
[2021/08/28 19:51:58 971] isr        1559 3200  2  
[2021/08/28 19:51:59 077] isr        1547 ASR_MSG_AUW,   cloud  
[2021/08/28 19:51:59 077] isr        1559 3200  2  
[2021/08/28 19:51:59 217] isr        1547 ASR_MSG_AUW,   cloud  
[2021/08/28 19:51:59 217] isr        1559 3200  2  
[2021/08/28 19:51:59 217] isr        1547 ASR_MSG_AUW,   cloud  
[2021/08/28 19:51:59 217] isr        1559 3200  2  
[2021/08/28 19:51:59 326] isr        1547 ASR_MSG_AUW,   cloud  
[2021/08/28 19:51:59 326] isr        1559 3200  2  
[2021/08/28 19:51:59 436] isr        1547 ASR_MSG_AUW,   cloud  
[2021/08/28 19:51:59 436] isr        1559 3200  2  
[2021/08/28 19:51:59 545] isr        1547 ASR_MSG_AUW,   cloud  
[2021/08/28 19:51:59 545] isr        1559 3200  2  
[2021/08/28 19:51:59 685] isr        1547 ASR_MSG_AUW,   cloud  
[2021/08/28 19:51:59 685] isr        1559 3200  2  
[2021/08/28 19:51:59 792] isr        1547 ASR_MSG_AUW,   cloud  
[2021/08/28 19:51:59 792] isr        1559 3200  2  
[2021/08/28 19:51:59 899] isr        1547 ASR_MSG_AUW,   cloud  
[2021/08/28 19:51:59 899] isr        1559 3200  2  
[2021/08/28 19:52:00 007] isr        1547 ASR_MSG_AUW,   cloud  
[2021/08/28 19:52:00 007] isr        1559 3200  2  
[2021/08/28 19:52:00 007] isr        1547 ASR_MSG_AUW,   cloud  
[2021/08/28 19:52:00 008] isr        1559 3200  2  
[2021/08/28 19:52:00 144] isr        1547 ASR_MSG_AUW,   cloud  
[2021/08/28 19:52:00 144] isr        1559 3200  2  
[2021/08/28 19:52:00 250] isr        1547 ASR_MSG_AUW,   cloud  
[2021/08/28 19:52:00 250] isr        1559 3200  2  
[2021/08/28 19:52:00 359] isr        1547 ASR_MSG_AUW,   cloud  
[2021/08/28 19:52:00 359] isr        1559 3200  2  
[2021/08/28 19:52:00 454] isr        1547 ASR_MSG_AUW,   cloud  
[2021/08/28 19:52:00 455] isr        1559 3200  2  
[2021/08/28 19:52:00 594] isr        1547 ASR_MSG_AUW,   cloud  
[2021/08/28 19:52:00 594] isr        1559 3200  2  
[2021/08/28 19:52:00 689] isr        1547 ASR_MSG_AUW,   cloud  
[2021/08/28 19:52:00 689] isr        1559 3200  2  
[2021/08/28 19:52:00 690] isr        1547 ASR_MSG_AUW,   cloud  
[2021/08/28 19:52:00 690] isr        1559 3200  2  
[2021/08/28 19:52:00 807] isr        1547 ASR_MSG_AUW,   cloud  
[2021/08/28 19:52:00 807] isr        1559 3200  2  
[2021/08/28 19:52:00 925] isr        1547 ASR_MSG_AUW,   cloud  
[2021/08/28 19:52:00 925] isr        1559 3200  2  
[2021/08/28 19:52:01 043] isr        1547 ASR_MSG_AUW,   cloud  
[2021/08/28 19:52:01 043] isr        1559 3200  2  
[2021/08/28 19:52:01 156] isr        1547 ASR_MSG_AUW,   cloud  
[2021/08/28 19:52:01 156] isr        1559 3200  2  
[2021/08/28 19:52:01 274] isr        1547 ASR_MSG_AUW,   cloud  
[2021/08/28 19:52:01 274] isr        1559 3200  2  
[2021/08/28 19:52:01 392] isr        1547 ASR_MSG_AUW,   cloud  
[2021/08/28 19:52:01 392] isr        1559 3200  2  
[2021/08/28 19:52:01 504] isr        1547 ASR_MSG_AUW,   cloud  
[2021/08/28 19:52:01 504] isr        1559 3200  2  
[2021/08/28 19:52:01 504] isr        1547 ASR_MSG_AUW,   cloud  
[2021/08/28 19:52:01 504] isr        1559 3200  2  
[2021/08/28 19:52:01 624] isr        1547 ASR_MSG_AUW,   cloud  
[2021/08/28 19:52:01 624] isr        1559 3200  2  
[2021/08/28 19:52:01 719] isr        1547 ASR_MSG_AUW,   cloud  
[2021/08/28 19:52:01 719] isr        1559 3200  2  
[2021/08/28 19:52:01 836] isr        1547 ASR_MSG_AUW,   cloud  
[2021/08/28 19:52:01 836] isr        1559 3200  2  
[2021/08/28 19:52:01 951] isr        1547 ASR_MSG_AUW,   cloud  
[2021/08/28 19:52:01 951] isr        1559 3200  2  
[2021/08/28 19:52:02 066] isr        1547 ASR_MSG_AUW,   cloud  
[2021/08/28 19:52:02 066] isr        1559 3200  2  
[2021/08/28 19:52:02 182] isr        1547 ASR_MSG_AUW,   cloud  
[2021/08/28 19:52:02 182] isr        1559 3200  2  
[2021/08/28 19:52:02 302] isr        1547 ASR_MSG_AUW,   cloud  
[2021/08/28 19:52:02 302] isr        1559 3200  2  
[2021/08/28 19:52:02 302] isr        1547 ASR_MSG_AUW,   cloud  
[2021/08/28 19:52:02 302] isr        1559 3200  2  
[2021/08/28 19:52:02 414] isr        1547 ASR_MSG_AUW,   cloud  
[2021/08/28 19:52:02 414] isr        1559 3200  2  
[2021/08/28 19:52:02 529] isr        1547 ASR_MSG_AUW,   cloud  
[2021/08/28 19:52:02 530] isr        1559 3200  2  
[2021/08/28 19:52:02 647] isr        1547 ASR_MSG_AUW,   cloud  
[2021/08/28 19:52:02 648] isr        1559 3200  2  
[2021/08/28 19:52:02 763] isr        1547 ASR_MSG_AUW,   cloud  
[2021/08/28 19:52:02 763] isr        1559 3200  2  
[2021/08/28 19:52:02 880] isr        1547 ASR_MSG_AUW,   cloud  
[2021/08/28 19:52:02 880] isr        1559 3200  2  
[2021/08/28 19:52:02 995] isr        1547 ASR_MSG_AUW,   cloud  
[2021/08/28 19:52:02 996] isr        1559 3200  2  
[2021/08/28 19:52:03 112] isr        1547 ASR_MSG_AUW,   cloud  
[2021/08/28 19:52:03 113] isr        1559 3200  2  
[2021/08/28 19:52:03 113] isr        1547 ASR_MSG_AUW,   cloud  
[2021/08/28 19:52:03 113] isr        1559 3200  2  
[2021/08/28 19:52:03 230] isr        1547 ASR_MSG_AUW,   cloud  
[2021/08/28 19:52:03 230] isr        1559 3200  2  
[2021/08/28 19:52:03 322] isr        1547 ASR_MSG_AUW,   cloud  
[2021/08/28 19:52:03 322] isr        1559 3200  2  
[2021/08/28 19:52:03 467] isr        1547 ASR_MSG_AUW,   cloud  
[2021/08/28 19:52:03 467] isr        1559 3200  2  
[2021/08/28 19:52:03 557] isr        1547 ASR_MSG_AUW,   cloud  
[2021/08/28 19:52:03 557] isr        1559 3200  2  
[2021/08/28 19:52:03 698] isr        1547 ASR_MSG_AUW,   cloud  
[2021/08/28 19:52:03 698] isr        1559 3200  2  
[2021/08/28 19:52:03 787] isr        1547 ASR_MSG_AUW,   cloud  
[2021/08/28 19:52:03 788] isr        1559 3200  2  
[2021/08/28 19:52:03 788] isr        1547 ASR_MSG_AUW,   cloud  
[2021/08/28 19:52:03 788] isr        1559 3200  2  
[2021/08/28 19:52:03 905] isr        1547 ASR_MSG_AUW,   cloud  
[2021/08/28 19:52:03 905] isr        1559 3200  2  
[2021/08/28 19:52:04 024] isr        1547 ASR_MSG_AUW,   cloud  
[2021/08/28 19:52:04 024] isr        1559 3200  2  
[2021/08/28 19:52:04 141] isr        1547 ASR_MSG_AUW,   cloud  
[2021/08/28 19:52:04 141] isr        1559 3200  2  
[2021/08/28 19:52:04 258] isr        1547 ASR_MSG_AUW,   cloud  
[2021/08/28 19:52:04 258] isr        1559 3200  2  
[2021/08/28 19:52:04 375] isr        1547 ASR_MSG_AUW,   cloud  
[2021/08/28 19:52:04 375] isr        1559 3200  2  
[2021/08/28 19:52:04 493] isr        1547 ASR_MSG_AUW,   cloud  
[2021/08/28 19:52:04 493] isr        1559 3200  2  
[2021/08/28 19:52:04 512] isr        662  cloud_rslt_cb status =   0  
[2021/08/28 19:52:04 512] isr        641  process_result call:  cloud  udata(7c055c38) 0  nil  
[2021/08/28 19:52:04 583] isr        1547 ASR_MSG_AUW,   cloud  
[2021/08/28 19:52:04 583] isr        1559 3200  2  
[2021/08/28 19:52:04 584] isr        1547 ASR_MSG_AUW,   cloud  
[2021/08/28 19:52:04 584] isr        1559 3200  2  
[2021/08/28 19:52:04 719] isr        1547 ASR_MSG_AUW,   cloud  
[2021/08/28 19:52:04 719] isr        1559 3200  2  
[2021/08/28 19:52:04 719] isr        1636 ASR_MSG_GRSLT,   cloud  
[2021/08/28 19:52:04 719] isr        1335 0  udata(7c055c38) 0  
[2021/08/28 19:52:04 836] isr        1547 ASR_MSG_AUW,   cloud  
[2021/08/28 19:52:04 836] isr        1559 3200  2  
[2021/08/28 19:52:04 836] isr        1636 ASR_MSG_GRSLT,   cloud  
[2021/08/28 19:52:04 836] isr        1335 0  nil  2  
[2021/08/28 19:52:04 952] isr        1547 ASR_MSG_AUW,   cloud  
[2021/08/28 19:52:04 952] isr        1559 3200  2  
[2021/08/28 19:52:05 050] isr        1547 ASR_MSG_AUW,   cloud  
[2021/08/28 19:52:05 050] isr        1559 3200  2  
[2021/08/28 19:52:05 165] isr        1547 ASR_MSG_AUW,   cloud  
[2021/08/28 19:52:05 166] isr        1559 3200  2  
[2021/08/28 19:52:05 280] isr        1547 ASR_MSG_AUW,   cloud  
[2021/08/28 19:52:05 280] isr        1559 3200  2  
[2021/08/28 19:52:05 395] isr        1547 ASR_MSG_AUW,   cloud  
[2021/08/28 19:52:05 395] isr        1559 3200  2  
[2021/08/28 19:52:05 395] isr        1547 ASR_MSG_AUW,   cloud  
[2021/08/28 19:52:05 395] isr        1559 3200  2  
[2021/08/28 19:52:05 513] isr        1547 ASR_MSG_AUW,   cloud  
[2021/08/28 19:52:05 513] isr        1559 3200  2  
[2021/08/28 19:52:05 630] isr        1547 ASR_MSG_AUW,   cloud  
[2021/08/28 19:52:05 630] isr        1559 3200  2  
[2021/08/28 19:52:05 749] isr        1547 ASR_MSG_AUW,   cloud  
[2021/08/28 19:52:05 749] isr        1559 3200  2  
[2021/08/28 19:52:05 868] isr        1547 ASR_MSG_AUW,   cloud  
[2021/08/28 19:52:05 868] isr        1559 3200  2  
[2021/08/28 19:52:05 963] isr        1547 ASR_MSG_AUW,   cloud  
[2021/08/28 19:52:05 963] isr        1559 3200  2  
[2021/08/28 19:52:06 107] isr        1547 ASR_MSG_AUW,   cloud  
[2021/08/28 19:52:06 107] isr        1559 3200  2  
[2021/08/28 19:52:06 202] isr        1547 ASR_MSG_AUW,   cloud  
[2021/08/28 19:52:06 202] isr        1559 3200  2  
[2021/08/28 19:52:06 203] isr        1547 ASR_MSG_AUW,   cloud  
[2021/08/28 19:52:06 203] isr        1559 3200  2  
[2021/08/28 19:52:06 305] isr        662  cloud_rslt_cb status =   0  
[2021/08/28 19:52:06 305] isr        641  process_result call:  cloud  udata(7c057188) 0  nil  
[2021/08/28 19:52:06 319] isr        1547 ASR_MSG_AUW,   cloud  
[2021/08/28 19:52:06 319] isr        1559 3200  2  
[2021/08/28 19:52:06 437] isr        1547 ASR_MSG_AUW,   cloud  
[2021/08/28 19:52:06 437] isr        1559 3200  2  
[2021/08/28 19:52:06 437] isr        1636 ASR_MSG_GRSLT,   cloud  
[2021/08/28 19:52:06 437] isr        1335 0  udata(7c057188) 0  
[2021/08/28 19:52:06 554] isr        1547 ASR_MSG_AUW,   cloud  
[2021/08/28 19:52:06 554] isr        1559 3200  2  
[2021/08/28 19:52:06 554] isr        1636 ASR_MSG_GRSLT,   cloud  
[2021/08/28 19:52:06 554] isr        1335 0  nil  2  
[2021/08/28 19:52:06 675] isr        1547 ASR_MSG_AUW,   cloud  
[2021/08/28 19:52:06 675] isr        1559 3200  2  
[2021/08/28 19:52:06 794] isr        1547 ASR_MSG_AUW,   cloud  
[2021/08/28 19:52:06 794] isr        1559 3200  2  
[2021/08/28 19:52:06 889] isr        1547 ASR_MSG_AUW,   cloud  
[2021/08/28 19:52:06 889] isr        1559 3200  2  
[2021/08/28 19:52:07 011] isr        1547 ASR_MSG_AUW,   cloud  
[2021/08/28 19:52:07 011] isr        1559 3200  2  
[2021/08/28 19:52:07 011] isr        1547 ASR_MSG_AUW,   cloud  
[2021/08/28 19:52:07 011] isr        1559 3200  2  
[2021/08/28 19:52:07 127] isr        1547 ASR_MSG_AUW,   cloud  
[2021/08/28 19:52:07 127] isr        1559 3200  2  
[2021/08/28 19:52:07 242] isr        1547 ASR_MSG_AUW,   cloud  
[2021/08/28 19:52:07 242] isr        1559 3200  2  
[2021/08/28 19:52:07 357] isr        1547 ASR_MSG_AUW,   cloud  
[2021/08/28 19:52:07 357] isr        1559 3200  2  
[2021/08/28 19:52:07 453] isr        1547 ASR_MSG_AUW,   cloud  
[2021/08/28 19:52:07 453] isr        1559 3200  2  
[2021/08/28 19:52:07 576] isr        1547 ASR_MSG_AUW,   cloud  
[2021/08/28 19:52:07 576] isr        1559 3200  2  
[2021/08/28 19:52:07 694] isr        1547 ASR_MSG_AUW,   cloud  
[2021/08/28 19:52:07 694] isr        1559 3200  2  
[2021/08/28 19:52:07 694] isr        1547 ASR_MSG_AUW,   cloud  
[2021/08/28 19:52:07 694] isr        1559 3200  2  
[2021/08/28 19:52:07 787] isr        662  cloud_rslt_cb status =   0  
[2021/08/28 19:52:07 787] isr        641  process_result call:  cloud  udata(7c058018) 0  nil  
[2021/08/28 19:52:07 807] isr        1547 ASR_MSG_AUW,   cloud  
[2021/08/28 19:52:07 807] isr        1559 3200  2  
[2021/08/28 19:52:07 923] isr        1547 ASR_MSG_AUW,   cloud  
[2021/08/28 19:52:07 923] isr        1559 3200  2  
[2021/08/28 19:52:07 923] isr        1636 ASR_MSG_GRSLT,   cloud  
[2021/08/28 19:52:07 923] isr        1335 0  udata(7c058018) 0  
[2021/08/28 19:52:08 040] isr        1547 ASR_MSG_AUW,   cloud  
[2021/08/28 19:52:08 040] isr        1559 3200  2  
[2021/08/28 19:52:08 040] isr        1636 ASR_MSG_GRSLT,   cloud  
[2021/08/28 19:52:08 040] isr        1335 0  nil  2  
[2021/08/28 19:52:08 156] isr        1547 ASR_MSG_AUW,   cloud  
[2021/08/28 19:52:08 156] isr        1559 3200  2  
[2021/08/28 19:52:08 269] isr        1547 ASR_MSG_AUW,   cloud  
[2021/08/28 19:52:08 269] isr        1559 3200  2  
[2021/08/28 19:52:08 391] isr        1547 ASR_MSG_AUW,   cloud  
[2021/08/28 19:52:08 391] isr        1559 3200  2  
[2021/08/28 19:52:08 510] isr        1547 ASR_MSG_AUW,   cloud  
[2021/08/28 19:52:08 510] isr        1559 3200  2  
[2021/08/28 19:52:08 510] isr        1547 ASR_MSG_AUW,   cloud  
[2021/08/28 19:52:08 510] isr        1559 3200  2  
[2021/08/28 19:52:08 627] isr        1547 ASR_MSG_AUW,   cloud  
[2021/08/28 19:52:08 627] isr        1559 3200  2  
[2021/08/28 19:52:08 742] isr        1547 ASR_MSG_AUW,   cloud  
[2021/08/28 19:52:08 742] isr        1559 3200  2  
[2021/08/28 19:52:08 834] isr        1547 ASR_MSG_AUW,   cloud  
[2021/08/28 19:52:08 834] isr        1559 3200  2  
[2021/08/28 19:52:08 975] isr        1547 ASR_MSG_AUW,   cloud  
[2021/08/28 19:52:08 975] isr        1559 3200  2  
[2021/08/28 19:52:09 071] isr        1547 ASR_MSG_AUW,   cloud  
[2021/08/28 19:52:09 071] isr        1559 3200  2  
[2021/08/28 19:52:09 191] isr        1547 ASR_MSG_AUW,   cloud  
[2021/08/28 19:52:09 191] isr        1559 3200  2  
[2021/08/28 19:52:09 311] isr        1547 ASR_MSG_AUW,   cloud  
[2021/08/28 19:52:09 311] isr        1559 3200  2  
[2021/08/28 19:52:09 312] isr        1547 ASR_MSG_AUW,   cloud  
[2021/08/28 19:52:09 312] isr        1559 3200  2  
[2021/08/28 19:52:09 323] isr        662  cloud_rslt_cb status =   0  
[2021/08/28 19:52:09 324] isr        641  process_result call:  cloud  udata(7c058f38) 0  nil  
[2021/08/28 19:52:09 426] isr        1547 ASR_MSG_AUW,   cloud  
[2021/08/28 19:52:09 426] isr        1559 3200  2  
[2021/08/28 19:52:09 543] isr        1547 ASR_MSG_AUW,   cloud  
[2021/08/28 19:52:09 543] isr        1559 3200  2  
[2021/08/28 19:52:09 543] isr        1636 ASR_MSG_GRSLT,   cloud  
[2021/08/28 19:52:09 543] isr        1335 0  udata(7c058f38) 0  
[2021/08/28 19:52:09 658] isr        1547 ASR_MSG_AUW,   cloud  
[2021/08/28 19:52:09 658] isr        1559 3200  2  
[2021/08/28 19:52:09 658] isr        1636 ASR_MSG_GRSLT,   cloud  
[2021/08/28 19:52:09 658] isr        1335 0  nil  2  
[2021/08/28 19:52:09 755] isr        1547 ASR_MSG_AUW,   cloud  
[2021/08/28 19:52:09 755] isr        1559 3200  2  
[2021/08/28 19:52:09 890] isr        1547 ASR_MSG_AUW,   cloud  
[2021/08/28 19:52:09 890] isr        1559 3200  2  
[2021/08/28 19:52:09 985] isr        1547 ASR_MSG_AUW,   cloud  
[2021/08/28 19:52:09 985] isr        1559 3200  2  
[2021/08/28 19:52:10 101] isr        1547 ASR_MSG_AUW,   cloud  
[2021/08/28 19:52:10 101] isr        1559 3200  2  
[2021/08/28 19:52:10 101] isr        1547 ASR_MSG_AUW,   cloud  
[2021/08/28 19:52:10 101] isr        1559 3200  2  
[2021/08/28 19:52:10 102] isr        854  [aud] speech end  
[2021/08/28 19:52:10 102] isr        798  3  msc  
[2021/08/28 19:52:10 102] isr        864  aud end, MSC VAD  
[2021/08/28 19:52:10 215] isr        1547 ASR_MSG_AUW,   cloud  
[2021/08/28 19:52:10 215] isr        1559 3200  2  
[2021/08/28 19:52:10 216] isr        1636 ASR_MSG_GRSLT,   cloud  
[2021/08/28 19:52:10 216] isr        1335 0  nil  2  
[2021/08/28 19:52:10 295] isr        700  cloud_status_cb, eps:  3  
[2021/08/28 19:52:10 296] isr        798  3  cloud  
[2021/08/28 19:52:10 296] isr        800  already speech end  
[2021/08/28 19:52:10 297] isr        662  cloud_rslt_cb status =   5  
[2021/08/28 19:52:10 297] isr        641  process_result call:  cloud  udata(7c0598c8) 5  nil  
[2021/08/28 19:52:10 297] isr        798  3  msc  
[2021/08/28 19:52:10 297] isr        800  already speech end  
[2021/08/28 19:52:10 317] isr        1636 ASR_MSG_GRSLT,   cloud  
[2021/08/28 19:52:10 317] isr        1335 0  udata(7c0598c8) 5  
[2021/08/28 19:52:10 419] isr        1639 ASR_MSG_SSE,   cloud  
[2021/08/28 19:52:10 419] isr        1356 session_end() [in]  
[2021/08/28 19:52:10 419] isr        1421 cloud_session_end() [in]  
[2021/08/28 19:52:10 420] isr        1488 ns_host=  open.xf-yun.com  
[2021/08/28 19:52:10 420] isr        1498 tick()mod=  1249034  
[2021/08/28 19:52:10 420] isr        1499 tick()=  1249034  
[2021/08/28 19:52:10 420] isr        1501 diff=  12356  
[2021/08/28 19:52:10 420] isr        1514 cloud_session_end() [out]  
[2021/08/28 19:52:10 420] isr        1667 isr unload!  
============================================================
Time  2021/08/28 19:52:28 736 
============================================================
[2021/08/28 19:52:28 736] isr        1659 isr loaded!  
[2021/08/28 19:52:28 736] isr        1642 SYS_MSG_REGCB param0 =   msp_status_cb  param1 =   func(bc02f950) 
[2021/08/28 19:52:28 736] isr        1537 ASR_MSG_SSB  
[2021/08/28 19:52:28 736] isr        1066 session_begin() [in], params:   sub = iat, domain = iat, language = zh_cn, accent = mandarin, sample_rate = 16000, result_type = plain, result_encoding = utf8  nil  
[2021/08/28 19:52:28 736] isr        927  vad_set [in]  
[2021/08/28 19:52:28 736] isr        962  vad_enable :  true  
[2021/08/28 19:52:28 736] isr        980  vad_bos :  10000  
[2021/08/28 19:52:28 736] isr        981  vad_eos :  2000  
[2021/08/28 19:52:28 736] isr        886  enable_vad [in]  
[2021/08/28 19:52:28 737] isr        918  vad enabled!  2000  10000  
[2021/08/28 19:52:28 737] isr        921  enable_vad [out]  
[2021/08/28 19:52:28 737] isr        987  vad_set [out] | ret =  0  
[2021/08/28 19:52:28 737] isr        1187 cur_engine_type =   cloud  
[2021/08/28 19:52:28 737] isr        1001 cloud_session_begin  
[2021/08/28 19:52:28 737] isr        1013 unknown  
[2021/08/28 19:52:28 992] isr        1547 ASR_MSG_AUW,   cloud  
[2021/08/28 19:52:28 992] isr        1559 3200  1  
[2021/08/28 19:52:28 992] isr        1569 once_bytes:   3200  
[2021/08/28 19:52:28 994] isr        851  [aud] speech start  
[2021/08/28 19:52:28 994] isr        798  1  msc  
[2021/08/28 19:52:29 100] isr        1547 ASR_MSG_AUW,   cloud  
[2021/08/28 19:52:29 100] isr        1559 3200  2  
[2021/08/28 19:52:29 188] isr        700  cloud_status_cb, eps:  1  
[2021/08/28 19:52:29 188] isr        798  1  cloud  
[2021/08/28 19:52:29 188] isr        813  cloud eps ignored  
[2021/08/28 19:52:29 207] isr        1547 ASR_MSG_AUW,   cloud  
[2021/08/28 19:52:29 207] isr        1559 3200  2  
[2021/08/28 19:52:29 315] isr        1547 ASR_MSG_AUW,   cloud  
[2021/08/28 19:52:29 315] isr        1559 3200  2  
[2021/08/28 19:52:29 315] isr        1547 ASR_MSG_AUW,   cloud  
[2021/08/28 19:52:29 315] isr        1559 3200  2  
[2021/08/28 19:52:29 423] isr        1547 ASR_MSG_AUW,   cloud  
[2021/08/28 19:52:29 423] isr        1559 3200  2  
[2021/08/28 19:52:29 561] isr        1547 ASR_MSG_AUW,   cloud  
[2021/08/28 19:52:29 561] isr        1559 3200  2  
[2021/08/28 19:52:29 674] isr        1547 ASR_MSG_AUW,   cloud  
[2021/08/28 19:52:29 674] isr        1559 3200  2  
[2021/08/28 19:52:29 790] isr        1547 ASR_MSG_AUW,   cloud  
[2021/08/28 19:52:29 790] isr        1559 3200  2  
[2021/08/28 19:52:29 885] isr        1547 ASR_MSG_AUW,   cloud  
[2021/08/28 19:52:29 885] isr        1559 3200  2  
[2021/08/28 19:52:30 004] isr        1547 ASR_MSG_AUW,   cloud  
[2021/08/28 19:52:30 005] isr        1559 3200  2  
[2021/08/28 19:52:30 124] isr        1547 ASR_MSG_AUW,   cloud  
[2021/08/28 19:52:30 124] isr        1559 3200  2  
[2021/08/28 19:52:30 124] isr        1547 ASR_MSG_AUW,   cloud  
[2021/08/28 19:52:30 124] isr        1559 3200  2  
[2021/08/28 19:52:30 240] isr        1547 ASR_MSG_AUW,   cloud  
[2021/08/28 19:52:30 240] isr        1559 3200  2  
[2021/08/28 19:52:30 355] isr        1547 ASR_MSG_AUW,   cloud  
[2021/08/28 19:52:30 355] isr        1559 3200  2  
[2021/08/28 19:52:30 471] isr        1547 ASR_MSG_AUW,   cloud  
[2021/08/28 19:52:30 471] isr        1559 3200  2  
[2021/08/28 19:52:30 586] isr        1547 ASR_MSG_AUW,   cloud  
[2021/08/28 19:52:30 586] isr        1559 3200  2  
[2021/08/28 19:52:30 684] isr        1547 ASR_MSG_AUW,   cloud  
[2021/08/28 19:52:30 684] isr        1559 3200  2  
[2021/08/28 19:52:30 822] isr        1547 ASR_MSG_AUW,   cloud  
[2021/08/28 19:52:30 822] isr        1559 3200  2  
[2021/08/28 19:52:30 914] isr        1547 ASR_MSG_AUW,   cloud  
[2021/08/28 19:52:30 914] isr        1559 3200  2  
[2021/08/28 19:52:30 915] isr        1547 ASR_MSG_AUW,   cloud  
[2021/08/28 19:52:30 915] isr        1559 3200  2  
[2021/08/28 19:52:31 053] isr        1547 ASR_MSG_AUW,   cloud  
[2021/08/28 19:52:31 053] isr        1559 3200  2  
[2021/08/28 19:52:31 146] isr        1547 ASR_MSG_AUW,   cloud  
[2021/08/28 19:52:31 146] isr        1559 3200  2  
[2021/08/28 19:52:31 268] isr        1547 ASR_MSG_AUW,   cloud  
[2021/08/28 19:52:31 268] isr        1559 3200  2  
[2021/08/28 19:52:31 384] isr        1547 ASR_MSG_AUW,   cloud  
[2021/08/28 19:52:31 384] isr        1559 3200  2  
[2021/08/28 19:52:31 501] isr        1547 ASR_MSG_AUW,   cloud  
[2021/08/28 19:52:31 501] isr        1559 3200  2  
[2021/08/28 19:52:31 620] isr        1547 ASR_MSG_AUW,   cloud  
[2021/08/28 19:52:31 620] isr        1559 3200  2  
[2021/08/28 19:52:31 620] isr        1547 ASR_MSG_AUW,   cloud  
[2021/08/28 19:52:31 620] isr        1559 3200  2  
[2021/08/28 19:52:31 736] isr        1547 ASR_MSG_AUW,   cloud  
[2021/08/28 19:52:31 736] isr        1559 3200  2  
[2021/08/28 19:52:31 851] isr        1547 ASR_MSG_AUW,   cloud  
[2021/08/28 19:52:31 851] isr        1559 3200  2  
[2021/08/28 19:52:31 970] isr        1547 ASR_MSG_AUW,   cloud  
[2021/08/28 19:52:31 970] isr        1559 3200  2  
[2021/08/28 19:52:32 067] isr        1547 ASR_MSG_AUW,   cloud  
[2021/08/28 19:52:32 067] isr        1559 3200  2  
[2021/08/28 19:52:32 185] isr        1547 ASR_MSG_AUW,   cloud  
[2021/08/28 19:52:32 185] isr        1559 3200  2  
[2021/08/28 19:52:32 303] isr        1547 ASR_MSG_AUW,   cloud  
[2021/08/28 19:52:32 303] isr        1559 3200  2  
[2021/08/28 19:52:32 421] isr        1547 ASR_MSG_AUW,   cloud  
[2021/08/28 19:52:32 421] isr        1559 3200  2  
[2021/08/28 19:52:32 422] isr        1547 ASR_MSG_AUW,   cloud  
[2021/08/28 19:52:32 422] isr        1559 3200  2  
[2021/08/28 19:52:32 541] isr        1547 ASR_MSG_AUW,   cloud  
[2021/08/28 19:52:32 541] isr        1559 3200  2  
[2021/08/28 19:52:32 654] isr        1547 ASR_MSG_AUW,   cloud  
[2021/08/28 19:52:32 654] isr        1559 3200  2  
[2021/08/28 19:52:32 768] isr        1547 ASR_MSG_AUW,   cloud  
[2021/08/28 19:52:32 768] isr        1559 3200  2  
[2021/08/28 19:52:32 864] isr        1547 ASR_MSG_AUW,   cloud  
[2021/08/28 19:52:32 864] isr        1559 3200  2  
[2021/08/28 19:52:33 003] isr        1547 ASR_MSG_AUW,   cloud  
[2021/08/28 19:52:33 003] isr        1559 3200  2  
[2021/08/28 19:52:33 097] isr        1547 ASR_MSG_AUW,   cloud  
[2021/08/28 19:52:33 097] isr        1559 3200  2  
[2021/08/28 19:52:33 212] isr        1547 ASR_MSG_AUW,   cloud  
[2021/08/28 19:52:33 212] isr        1559 3200  2  
[2021/08/28 19:52:33 212] isr        1547 ASR_MSG_AUW,   cloud  
[2021/08/28 19:52:33 212] isr        1559 3200  2  
[2021/08/28 19:52:33 328] isr        1547 ASR_MSG_AUW,   cloud  
[2021/08/28 19:52:33 328] isr        1559 3200  2  
[2021/08/28 19:52:33 443] isr        1547 ASR_MSG_AUW,   cloud  
[2021/08/28 19:52:33 443] isr        1559 3200  2  
[2021/08/28 19:52:33 558] isr        1547 ASR_MSG_AUW,   cloud  
[2021/08/28 19:52:33 558] isr        1559 3200  2  
[2021/08/28 19:52:33 676] isr        1547 ASR_MSG_AUW,   cloud  
[2021/08/28 19:52:33 676] isr        1559 3200  2  
[2021/08/28 19:52:33 797] isr        1547 ASR_MSG_AUW,   cloud  
[2021/08/28 19:52:33 797] isr        1559 3200  2  
[2021/08/28 19:52:33 918] isr        1547 ASR_MSG_AUW,   cloud  
[2021/08/28 19:52:33 918] isr        1559 3200  2  
[2021/08/28 19:52:34 031] isr        1547 ASR_MSG_AUW,   cloud  
[2021/08/28 19:52:34 031] isr        1559 3200  2  
[2021/08/28 19:52:34 031] isr        1547 ASR_MSG_AUW,   cloud  
[2021/08/28 19:52:34 031] isr        1559 3200  2  
[2021/08/28 19:52:34 145] isr        1547 ASR_MSG_AUW,   cloud  
[2021/08/28 19:52:34 145] isr        1559 3200  2  
[2021/08/28 19:52:34 258] isr        1547 ASR_MSG_AUW,   cloud  
[2021/08/28 19:52:34 258] isr        1559 3200  2  
[2021/08/28 19:52:34 373] isr        1547 ASR_MSG_AUW,   cloud  
[2021/08/28 19:52:34 373] isr        1559 3200  2  
[2021/08/28 19:52:34 494] isr        1547 ASR_MSG_AUW,   cloud  
[2021/08/28 19:52:34 494] isr        1559 3200  2  
[2021/08/28 19:52:34 610] isr        1547 ASR_MSG_AUW,   cloud  
[2021/08/28 19:52:34 610] isr        1559 3200  2  
[2021/08/28 19:52:34 705] isr        1547 ASR_MSG_AUW,   cloud  
[2021/08/28 19:52:34 706] isr        1559 3200  2  
[2021/08/28 19:52:34 706] isr        1547 ASR_MSG_AUW,   cloud  
[2021/08/28 19:52:34 706] isr        1559 3200  2  
[2021/08/28 19:52:34 827] isr        1547 ASR_MSG_AUW,   cloud  
[2021/08/28 19:52:34 827] isr        1559 3200  2  
[2021/08/28 19:52:34 828] isr        662  cloud_rslt_cb status =   0  
[2021/08/28 19:52:34 828] isr        641  process_result call:  cloud  udata(bc0354f8) 0  nil  
[2021/08/28 19:52:34 946] isr        1547 ASR_MSG_AUW,   cloud  
[2021/08/28 19:52:34 946] isr        1559 3200  2  
[2021/08/28 19:52:35 066] isr        1547 ASR_MSG_AUW,   cloud  
[2021/08/28 19:52:35 066] isr        1559 3200  2  
[2021/08/28 19:52:35 066] isr        1636 ASR_MSG_GRSLT,   cloud  
[2021/08/28 19:52:35 066] isr        1335 0  udata(bc0354f8) 0  
[2021/08/28 19:52:35 185] isr        1547 ASR_MSG_AUW,   cloud  
[2021/08/28 19:52:35 185] isr        1559 3200  2  
[2021/08/28 19:52:35 186] isr        1636 ASR_MSG_GRSLT,   cloud  
[2021/08/28 19:52:35 186] isr        1335 0  nil  2  
[2021/08/28 19:52:35 281] isr        1547 ASR_MSG_AUW,   cloud  
[2021/08/28 19:52:35 281] isr        1559 3200  2  
[2021/08/28 19:52:35 400] isr        1547 ASR_MSG_AUW,   cloud  
[2021/08/28 19:52:35 400] isr        1559 3200  2  
[2021/08/28 19:52:35 510] isr        1547 ASR_MSG_AUW,   cloud  
[2021/08/28 19:52:35 510] isr        1559 3200  2  
[2021/08/28 19:52:35 510] isr        1547 ASR_MSG_AUW,   cloud  
[2021/08/28 19:52:35 510] isr        1559 3200  2  
[2021/08/28 19:52:35 627] isr        1547 ASR_MSG_AUW,   cloud  
[2021/08/28 19:52:35 627] isr        1559 3200  2  
[2021/08/28 19:52:35 627] isr        854  [aud] speech end  
[2021/08/28 19:52:35 627] isr        798  3  msc  
[2021/08/28 19:52:35 627] isr        864  aud end, MSC VAD  
[2021/08/28 19:52:35 745] isr        1547 ASR_MSG_AUW,   cloud  
[2021/08/28 19:52:35 745] isr        1559 3200  2  
[2021/08/28 19:52:35 746] isr        1636 ASR_MSG_GRSLT,   cloud  
[2021/08/28 19:52:35 746] isr        1335 0  nil  2  
[2021/08/28 19:52:35 747] isr        700  cloud_status_cb, eps:  3  
[2021/08/28 19:52:35 747] isr        798  3  cloud  
[2021/08/28 19:52:35 747] isr        800  already speech end  
[2021/08/28 19:52:35 748] isr        662  cloud_rslt_cb status =   5  
[2021/08/28 19:52:35 748] isr        641  process_result call:  cloud  udata(bc055e98) 5  nil  
[2021/08/28 19:52:35 748] isr        798  3  msc  
[2021/08/28 19:52:35 748] isr        800  already speech end  
[2021/08/28 19:52:35 848] isr        1636 ASR_MSG_GRSLT,   cloud  
[2021/08/28 19:52:35 848] isr        1335 0  udata(bc055e98) 5  
[2021/08/28 19:52:35 950] isr        1639 ASR_MSG_SSE,   cloud  
[2021/08/28 19:52:35 950] isr        1356 session_end() [in]  
[2021/08/28 19:52:35 950] isr        1421 cloud_session_end() [in]  
[2021/08/28 19:52:35 951] isr        1488 ns_host=  open.xf-yun.com  
[2021/08/28 19:52:35 951] isr        1498 tick()mod=  1274565  
[2021/08/28 19:52:35 951] isr        1499 tick()=  1274565  
[2021/08/28 19:52:35 951] isr        1501 diff=  6957  
[2021/08/28 19:52:35 951] isr        1514 cloud_session_end() [out]  
[2021/08/28 19:52:35 951] isr        1667 isr unload!  
============================================================
Time  2021/08/28 20:36:50 508 
============================================================
[2021/08/28 20:36:50 508] isr        1659 isr loaded!  
[2021/08/28 20:36:50 508] isr        1642 SYS_MSG_REGCB param0 =   msp_status_cb  param1 =   func(5802f960) 
[2021/08/28 20:36:50 508] isr        1537 ASR_MSG_SSB  
[2021/08/28 20:36:50 508] isr        1066 session_begin() [in], params:   sub = iat, domain = iat, language = zh_cn, accent = mandarin, sample_rate = 16000, result_type = plain, result_encoding = utf8  nil  
[2021/08/28 20:36:50 508] isr        927  vad_set [in]  
[2021/08/28 20:36:50 508] isr        962  vad_enable :  true  
[2021/08/28 20:36:50 508] isr        980  vad_bos :  10000  
[2021/08/28 20:36:50 508] isr        981  vad_eos :  2000  
[2021/08/28 20:36:50 508] isr        886  enable_vad [in]  
[2021/08/28 20:36:50 508] isr        918  vad enabled!  2000  10000  
[2021/08/28 20:36:50 508] isr        921  enable_vad [out]  
[2021/08/28 20:36:50 508] isr        987  vad_set [out] | ret =  0  
[2021/08/28 20:36:50 508] isr        1187 cur_engine_type =   cloud  
[2021/08/28 20:36:50 508] isr        1001 cloud_session_begin  
[2021/08/28 20:36:50 508] isr        1013 unknown  
[2021/08/28 20:36:50 509] isr        1547 ASR_MSG_AUW,   cloud  
[2021/08/28 20:36:50 509] isr        1559 6400  1  
[2021/08/28 20:36:50 509] isr        1569 once_bytes:   6400  
[2021/08/28 20:36:50 511] isr        851  [aud] speech start  
[2021/08/28 20:36:50 511] isr        798  1  msc  
[2021/08/28 20:36:50 711] isr        1547 ASR_MSG_AUW,   cloud  
[2021/08/28 20:36:50 711] isr        1559 6400  2  
[2021/08/28 20:36:50 913] isr        1547 ASR_MSG_AUW,   cloud  
[2021/08/28 20:36:50 913] isr        1559 6400  2  
[2021/08/28 20:36:50 995] isr        700  cloud_status_cb, eps:  1  
[2021/08/28 20:36:50 995] isr        798  1  cloud  
[2021/08/28 20:36:50 995] isr        813  cloud eps ignored  
[2021/08/28 20:36:51 114] isr        1547 ASR_MSG_AUW,   cloud  
[2021/08/28 20:36:51 114] isr        1559 6400  2  
[2021/08/28 20:36:51 315] isr        1547 ASR_MSG_AUW,   cloud  
[2021/08/28 20:36:51 315] isr        1559 6400  2  
[2021/08/28 20:36:51 515] isr        1547 ASR_MSG_AUW,   cloud  
[2021/08/28 20:36:51 515] isr        1559 6400  2  
[2021/08/28 20:36:51 718] isr        1547 ASR_MSG_AUW,   cloud  
[2021/08/28 20:36:51 718] isr        1559 6400  2  
[2021/08/28 20:36:51 919] isr        1547 ASR_MSG_AUW,   cloud  
[2021/08/28 20:36:51 919] isr        1559 6400  2  
[2021/08/28 20:36:52 120] isr        1547 ASR_MSG_AUW,   cloud  
[2021/08/28 20:36:52 120] isr        1559 6400  2  
[2021/08/28 20:36:52 322] isr        1547 ASR_MSG_AUW,   cloud  
[2021/08/28 20:36:52 322] isr        1559 6400  2  
[2021/08/28 20:36:52 526] isr        1547 ASR_MSG_AUW,   cloud  
[2021/08/28 20:36:52 526] isr        1559 6400  2  
[2021/08/28 20:36:52 727] isr        1547 ASR_MSG_AUW,   cloud  
[2021/08/28 20:36:52 727] isr        1559 6400  2  
[2021/08/28 20:36:52 928] isr        1547 ASR_MSG_AUW,   cloud  
[2021/08/28 20:36:52 928] isr        1559 6400  2  
[2021/08/28 20:36:53 128] isr        1547 ASR_MSG_AUW,   cloud  
[2021/08/28 20:36:53 128] isr        1559 6400  2  
[2021/08/28 20:36:53 329] isr        1547 ASR_MSG_AUW,   cloud  
[2021/08/28 20:36:53 329] isr        1559 6400  2  
[2021/08/28 20:36:53 531] isr        1547 ASR_MSG_AUW,   cloud  
[2021/08/28 20:36:53 531] isr        1559 6400  2  
[2021/08/28 20:36:53 732] isr        1547 ASR_MSG_AUW,   cloud  
[2021/08/28 20:36:53 733] isr        1559 6400  2  
[2021/08/28 20:36:53 933] isr        1547 ASR_MSG_AUW,   cloud  
[2021/08/28 20:36:53 933] isr        1559 6400  2  
[2021/08/28 20:36:54 135] isr        1547 ASR_MSG_AUW,   cloud  
[2021/08/28 20:36:54 135] isr        1559 6400  2  
[2021/08/28 20:36:54 336] isr        1547 ASR_MSG_AUW,   cloud  
[2021/08/28 20:36:54 336] isr        1559 6400  2  
[2021/08/28 20:36:54 536] isr        1547 ASR_MSG_AUW,   cloud  
[2021/08/28 20:36:54 536] isr        1559 6400  2  
[2021/08/28 20:36:54 738] isr        1547 ASR_MSG_AUW,   cloud  
[2021/08/28 20:36:54 738] isr        1559 6400  2  
[2021/08/28 20:36:54 942] isr        1547 ASR_MSG_AUW,   cloud  
[2021/08/28 20:36:54 942] isr        1559 7420  2  
[2021/08/28 20:36:55 039] isr        662  cloud_rslt_cb status =   0  
[2021/08/28 20:36:55 039] isr        641  process_result call:  cloud  udata(58038ce8) 0  nil  
[2021/08/28 20:36:55 143] isr        1547 ASR_MSG_AUW,   cloud  
[2021/08/28 20:36:55 143] isr        1559 0  4  
[2021/08/28 20:36:55 143] isr        1592 aud end, USER  
[2021/08/28 20:36:55 143] isr        854  [aud] speech end  
[2021/08/28 20:36:55 144] isr        798  3  msc  
[2021/08/28 20:36:55 144] isr        1636 ASR_MSG_GRSLT,   cloud  
[2021/08/28 20:36:55 144] isr        1335 0  udata(58038ce8) 0  
[2021/08/28 20:36:55 296] isr        1636 ASR_MSG_GRSLT,   cloud  
[2021/08/28 20:36:55 296] isr        1335 0  nil  2  
[2021/08/28 20:36:55 352] isr        700  cloud_status_cb, eps:  3  
[2021/08/28 20:36:55 353] isr        798  3  cloud  
[2021/08/28 20:36:55 353] isr        800  already speech end  
[2021/08/28 20:36:55 354] isr        662  cloud_rslt_cb status =   5  
[2021/08/28 20:36:55 354] isr        641  process_result call:  cloud  udata(580560f8) 5  nil  
[2021/08/28 20:36:55 354] isr        798  3  msc  
[2021/08/28 20:36:55 354] isr        800  already speech end  
[2021/08/28 20:36:55 447] isr        1636 ASR_MSG_GRSLT,   cloud  
[2021/08/28 20:36:55 447] isr        1335 0  udata(580560f8) 5  
[2021/08/28 20:36:55 604] isr        1639 ASR_MSG_SSE,   cloud  
[2021/08/28 20:36:55 604] isr        1356 session_end() [in]  
[2021/08/28 20:36:55 604] isr        1421 cloud_session_end() [in]  
[2021/08/28 20:36:55 604] isr        1488 ns_host=  open.xf-yun.com  
[2021/08/28 20:36:55 604] isr        1498 tick()mod=  3934218  
[2021/08/28 20:36:55 604] isr        1499 tick()=  3934218  
[2021/08/28 20:36:55 604] isr        1501 diff=  4701  
[2021/08/28 20:36:55 604] isr        1514 cloud_session_end() [out]  
[2021/08/28 20:36:55 605] isr        1667 isr unload!  
